This file contains any messages produced by compilers while
running configure, to aid debugging if configure makes a mistake.

It was created by lcs configure 0.9, which was
generated by GNU Autoconf 2.67.  Invocation command line was

  $ ./configure 

## --------- ##
## Platform. ##
## --------- ##

hostname = nt096
uname -m = x86_64
uname -r = 2.6.32-358.el6.x86_64
uname -s = Linux
uname -v = #1 SMP Tue Jan 29 11:47:41 EST 2013

/usr/bin/uname -p = unknown
/bin/uname -X     = unknown

/bin/arch              = x86_64
/usr/bin/arch -k       = unknown
/usr/convex/getsysinfo = unknown
/usr/bin/hostinfo      = unknown
/bin/machine           = unknown
/usr/bin/oslevel       = unknown
/bin/universe          = unknown

PATH: /opt/pgi/linux86-64/current/bin
PATH: /usr/local/pkg/java/current/bin
PATH: /opt/intel/composer_xe_2013_sp1.0.080/bin/intel64
PATH: /opt/intel/composer_xe_2013_sp1.0.080/mpirt/bin/intel64
PATH: /opt/intel/composer_xe_2013_sp1.0.080/debugger/gdb/intel64_mic/py27/bin
PATH: /opt/intel/composer_xe_2013_sp1.0.080/debugger/gdb/intel64/py27/bin
PATH: /opt/intel/composer_xe_2013_sp1.0.080/bin/intel64
PATH: /opt/intel/composer_xe_2013_sp1.0.080/bin/intel64_mic
PATH: /opt/intel/composer_xe_2013_sp1.0.080/debugger/gui/intel64
PATH: /home/geadmin2/UGER/bin/lx-amd64
PATH: /usr/lib64/qt-3.3/bin
PATH: /opt/pgi/linux86-64/current/bin
PATH: /usr/kerberos/sbin
PATH: /usr/kerberos/bin
PATH: /usr/local/pkg/java/current/bin
PATH: /opt/intel/composer_xe_2013_sp1.0.080/bin/intel64
PATH: /opt/intel/composer_xe_2013_sp1.0.080/mpirt/bin/intel64
PATH: /opt/intel/composer_xe_2013_sp1.0.080/debugger/gdb/intel64_mic/py27/bin
PATH: /opt/intel/composer_xe_2013_sp1.0.080/debugger/gdb/intel64/py27/bin
PATH: /opt/intel/composer_xe_2013_sp1.0.080/bin/intel64
PATH: /opt/intel/composer_xe_2013_sp1.0.080/bin/intel64_mic
PATH: /opt/intel/composer_xe_2013_sp1.0.080/debugger/gui/intel64
PATH: /usr/local/bin
PATH: /bin
PATH: /usr/bin
PATH: /usr/local/sbin
PATH: /usr/sbin
PATH: /sbin
PATH: /opt/ibutils/bin
PATH: /opt/intel/itac/8.1.3.037/bin
PATH: /home/a-kashiwagi/bin


## ----------- ##
## Core tests. ##
## ----------- ##

configure:2415: checking for a BSD-compatible install
configure:2483: result: /usr/bin/install -c
configure:2494: checking whether build environment is sane
configure:2544: result: yes
configure:2685: checking for a thread-safe mkdir -p
configure:2724: result: /bin/mkdir -p
configure:2737: checking for gawk
configure:2753: found /usr/local/bin/gawk
configure:2764: result: gawk
configure:2775: checking whether make sets $(MAKE)
configure:2797: result: yes
configure:2880: checking whether to enable maintainer-specific portions of Makefiles
configure:2889: result: no
configure:2915: checking for style of include used by make
configure:2943: result: GNU
configure:3013: checking for gcc
configure:3029: found /usr/local/bin/gcc
configure:3040: result: gcc
configure:3269: checking for C compiler version
configure:3278: gcc --version >&5
gcc (GCC) 4.8.1
Copyright (C) 2013 Free Software Foundation, Inc.
This is free software; see the source for copying conditions.  There is NO
warranty; not even for MERCHANTABILITY or FITNESS FOR A PARTICULAR PURPOSE.

configure:3289: $? = 0
configure:3278: gcc -v >&5
Using built-in specs.
COLLECT_GCC=gcc
COLLECT_LTO_WRAPPER=/usr/local/libexec/gcc/x86_64-unknown-linux-gnu/4.8.1/lto-wrapper
Target: x86_64-unknown-linux-gnu
Configured with: ../configure --prefix=/usr/local --with-mpc=/usr/local --with-mpfr=/usr/local --with-gmp=/usr/local --with-cloog=/usr/local --with-isl=/usr/local
Thread model: posix
gcc version 4.8.1 (GCC) 
configure:3289: $? = 0
configure:3278: gcc -V >&5
gcc: error: unrecognized command line option '-V'
gcc: fatal error: no input files
compilation terminated.
configure:3289: $? = 1
configure:3278: gcc -qversion >&5
gcc: error: unrecognized command line option '-qversion'
gcc: fatal error: no input files
compilation terminated.
configure:3289: $? = 1
configure:3309: checking whether the C compiler works
configure:3331: gcc    conftest.c  >&5
configure:3335: $? = 0
configure:3383: result: yes
configure:3386: checking for C compiler default output file name
configure:3388: result: a.out
configure:3394: checking for suffix of executables
configure:3401: gcc -o conftest    conftest.c  >&5
configure:3405: $? = 0
configure:3427: result: 
configure:3449: checking whether we are cross compiling
configure:3457: gcc -o conftest    conftest.c  >&5
configure:3461: $? = 0
configure:3468: ./conftest
configure:3472: $? = 0
configure:3487: result: no
configure:3492: checking for suffix of object files
configure:3514: gcc -c   conftest.c >&5
configure:3518: $? = 0
configure:3539: result: o
configure:3543: checking whether we are using the GNU C compiler
configure:3562: gcc -c   conftest.c >&5
configure:3562: $? = 0
configure:3571: result: yes
configure:3580: checking whether gcc accepts -g
configure:3600: gcc -c -g  conftest.c >&5
configure:3600: $? = 0
configure:3641: result: yes
configure:3658: checking for gcc option to accept ISO C89
configure:3722: gcc  -c -g -O2  conftest.c >&5
configure:3722: $? = 0
configure:3735: result: none needed
configure:3757: checking dependency style of gcc
configure:3867: result: gcc3
configure:3883: checking for library containing strerror
configure:3914: gcc -o conftest -g -O2   conftest.c  >&5
configure:3914: $? = 0
configure:3931: result: none required
configure:3987: checking for gcc
configure:4014: result: gcc
configure:4243: checking for C compiler version
configure:4252: gcc --version >&5
gcc (GCC) 4.8.1
Copyright (C) 2013 Free Software Foundation, Inc.
This is free software; see the source for copying conditions.  There is NO
warranty; not even for MERCHANTABILITY or FITNESS FOR A PARTICULAR PURPOSE.

configure:4263: $? = 0
configure:4252: gcc -v >&5
Using built-in specs.
COLLECT_GCC=gcc
COLLECT_LTO_WRAPPER=/usr/local/libexec/gcc/x86_64-unknown-linux-gnu/4.8.1/lto-wrapper
Target: x86_64-unknown-linux-gnu
Configured with: ../configure --prefix=/usr/local --with-mpc=/usr/local --with-mpfr=/usr/local --with-gmp=/usr/local --with-cloog=/usr/local --with-isl=/usr/local
Thread model: posix
gcc version 4.8.1 (GCC) 
configure:4263: $? = 0
configure:4252: gcc -V >&5
gcc: error: unrecognized command line option '-V'
gcc: fatal error: no input files
compilation terminated.
configure:4263: $? = 1
configure:4252: gcc -qversion >&5
gcc: error: unrecognized command line option '-qversion'
gcc: fatal error: no input files
compilation terminated.
configure:4263: $? = 1
configure:4267: checking whether we are using the GNU C compiler
configure:4295: result: yes
configure:4304: checking whether gcc accepts -g
configure:4365: result: yes
configure:4382: checking for gcc option to accept ISO C89
configure:4459: result: none needed
configure:4481: checking dependency style of gcc
configure:4591: result: gcc3
configure:4654: checking for gcc
configure:4681: result: gcc
configure:4910: checking for C compiler version
configure:4919: gcc --version >&5
gcc (GCC) 4.8.1
Copyright (C) 2013 Free Software Foundation, Inc.
This is free software; see the source for copying conditions.  There is NO
warranty; not even for MERCHANTABILITY or FITNESS FOR A PARTICULAR PURPOSE.

configure:4930: $? = 0
configure:4919: gcc -v >&5
Using built-in specs.
COLLECT_GCC=gcc
COLLECT_LTO_WRAPPER=/usr/local/libexec/gcc/x86_64-unknown-linux-gnu/4.8.1/lto-wrapper
Target: x86_64-unknown-linux-gnu
Configured with: ../configure --prefix=/usr/local --with-mpc=/usr/local --with-mpfr=/usr/local --with-gmp=/usr/local --with-cloog=/usr/local --with-isl=/usr/local
Thread model: posix
gcc version 4.8.1 (GCC) 
configure:4930: $? = 0
configure:4919: gcc -V >&5
gcc: error: unrecognized command line option '-V'
gcc: fatal error: no input files
compilation terminated.
configure:4930: $? = 1
configure:4919: gcc -qversion >&5
gcc: error: unrecognized command line option '-qversion'
gcc: fatal error: no input files
compilation terminated.
configure:4930: $? = 1
configure:4934: checking whether we are using the GNU C compiler
configure:4962: result: yes
configure:4971: checking whether gcc accepts -g
configure:5032: result: yes
configure:5049: checking for gcc option to accept ISO C89
configure:5126: result: none needed
configure:5148: checking dependency style of gcc
configure:5258: result: gcc3
configure:5281: checking how to run the C preprocessor
configure:5312: gcc -E  conftest.c
configure:5312: $? = 0
configure:5326: gcc -E  conftest.c
conftest.c:11:28: fatal error: ac_nonexistent.h: No such file or directory
 #include <ac_nonexistent.h>
                            ^
compilation terminated.
configure:5326: $? = 1
configure: failed program was:
| /* confdefs.h */
| #define PACKAGE_NAME "lcs"
| #define PACKAGE_TARNAME "lcs"
| #define PACKAGE_VERSION "0.9"
| #define PACKAGE_STRING "lcs 0.9"
| #define PACKAGE_BUGREPORT "http://sites.google.com/site/kashiwagiakihiro/"
| #define PACKAGE_URL ""
| #define PACKAGE "lcs"
| #define VERSION "0.9"
| /* end confdefs.h.  */
| #include <ac_nonexistent.h>
configure:5351: result: gcc -E
configure:5371: gcc -E  conftest.c
configure:5371: $? = 0
configure:5385: gcc -E  conftest.c
conftest.c:11:28: fatal error: ac_nonexistent.h: No such file or directory
 #include <ac_nonexistent.h>
                            ^
compilation terminated.
configure:5385: $? = 1
configure: failed program was:
| /* confdefs.h */
| #define PACKAGE_NAME "lcs"
| #define PACKAGE_TARNAME "lcs"
| #define PACKAGE_VERSION "0.9"
| #define PACKAGE_STRING "lcs 0.9"
| #define PACKAGE_BUGREPORT "http://sites.google.com/site/kashiwagiakihiro/"
| #define PACKAGE_URL ""
| #define PACKAGE "lcs"
| #define VERSION "0.9"
| /* end confdefs.h.  */
| #include <ac_nonexistent.h>
configure:5414: checking for grep that handles long lines and -e
configure:5472: result: /bin/grep
configure:5477: checking for egrep
configure:5539: result: /bin/grep -E
configure:5544: checking for ANSI C header files
configure:5564: gcc -c -g -O2  conftest.c >&5
configure:5564: $? = 0
configure:5637: gcc -o conftest -g -O2   conftest.c  >&5
configure:5637: $? = 0
configure:5637: ./conftest
configure:5637: $? = 0
configure:5648: result: yes
configure:5672: checking for sys/types.h
configure:5672: gcc -c -g -O2  conftest.c >&5
configure:5672: $? = 0
configure:5672: result: yes
configure:5672: checking for sys/stat.h
configure:5672: gcc -c -g -O2  conftest.c >&5
configure:5672: $? = 0
configure:5672: result: yes
configure:5672: checking for stdlib.h
configure:5672: gcc -c -g -O2  conftest.c >&5
configure:5672: $? = 0
configure:5672: result: yes
configure:5672: checking for string.h
configure:5672: gcc -c -g -O2  conftest.c >&5
configure:5672: $? = 0
configure:5672: result: yes
configure:5672: checking for memory.h
configure:5672: gcc -c -g -O2  conftest.c >&5
configure:5672: $? = 0
configure:5672: result: yes
configure:5672: checking for strings.h
configure:5672: gcc -c -g -O2  conftest.c >&5
configure:5672: $? = 0
configure:5672: result: yes
configure:5672: checking for inttypes.h
configure:5672: gcc -c -g -O2  conftest.c >&5
configure:5672: $? = 0
configure:5672: result: yes
configure:5672: checking for stdint.h
configure:5672: gcc -c -g -O2  conftest.c >&5
configure:5672: $? = 0
configure:5672: result: yes
configure:5672: checking for unistd.h
configure:5672: gcc -c -g -O2  conftest.c >&5
configure:5672: $? = 0
configure:5672: result: yes
configure:5687: checking locale.h usability
configure:5687: gcc -c -g -O2  conftest.c >&5
configure:5687: $? = 0
configure:5687: result: yes
configure:5687: checking locale.h presence
configure:5687: gcc -E  conftest.c
configure:5687: $? = 0
configure:5687: result: yes
configure:5687: checking for locale.h
configure:5687: result: yes
configure:5698: checking for LC_MESSAGES
configure:5714: gcc -o conftest -g -O2   conftest.c  >&5
configure:5714: $? = 0
configure:5722: result: yes
configure:5739: checking libintl.h usability
configure:5739: gcc -c -g -O2  conftest.c >&5
configure:5739: $? = 0
configure:5739: result: yes
configure:5739: checking libintl.h presence
configure:5739: gcc -E  conftest.c
configure:5739: $? = 0
configure:5739: result: yes
configure:5739: checking for libintl.h
configure:5739: result: yes
configure:5747: checking for ngettext in libc
configure:5765: gcc -o conftest -g -O2   conftest.c  >&5
configure:5765: $? = 0
configure:5774: result: yes
configure:5778: checking for dgettext in libc
configure:5796: gcc -o conftest -g -O2   conftest.c  >&5
configure:5796: $? = 0
configure:5805: result: yes
configure:5812: checking for bind_textdomain_codeset
configure:5812: gcc -o conftest -g -O2   conftest.c  >&5
configure:5812: $? = 0
configure:5812: result: yes
configure:6088: checking for msgfmt
configure:6115: result: /usr/bin/msgfmt
configure:6126: checking for dcgettext
configure:6126: gcc -o conftest -g -O2   conftest.c   >&5
conftest.c:49:6: warning: conflicting types for built-in function 'dcgettext' [enabled by default]
 char dcgettext ();
      ^
configure:6126: $? = 0
configure:6126: result: yes
configure:6136: checking if msgfmt accepts -c
configure:6151: $MSGFMT -c -o /dev/null conftest.foo
configure:6154: $? = 0
configure:6156: result: yes
configure:6166: checking for gmsgfmt
configure:6197: result: /usr/bin/msgfmt
configure:6207: checking for xgettext
configure:6234: result: /usr/bin/xgettext
configure:6253: gcc -o conftest -g -O2   conftest.c   >&5
configure:6253: $? = 0
configure:6389: checking whether NLS is requested
configure:6398: result: yes
configure:6413: checking for intltool >= 0.35.0
configure:6420: result: 0.41.0 found
configure:6428: checking for intltool-update
configure:6446: found /usr/bin/intltool-update
configure:6458: result: /usr/bin/intltool-update
configure:6468: checking for intltool-merge
configure:6486: found /usr/bin/intltool-merge
configure:6498: result: /usr/bin/intltool-merge
configure:6508: checking for intltool-extract
configure:6526: found /usr/bin/intltool-extract
configure:6538: result: /usr/bin/intltool-extract
configure:6669: checking for xgettext
configure:6699: result: /usr/bin/xgettext
configure:6709: checking for msgmerge
configure:6727: found /usr/bin/msgmerge
configure:6739: result: /usr/bin/msgmerge
configure:6749: checking for msgfmt
configure:6779: result: /usr/bin/msgfmt
configure:6789: checking for gmsgfmt
configure:6820: result: /usr/bin/msgfmt
configure:6840: checking for perl
configure:6858: found /usr/local/bin/perl
configure:6870: result: /usr/local/bin/perl
configure:6881: checking for perl >= 5.8.1
configure:6888: result: 5.14.2
configure:6892: checking for XML::Parser
configure:6895: result: ok
configure:6978: checking build system type
configure:6992: result: x86_64-unknown-linux-gnu
configure:7012: checking host system type
configure:7025: result: x86_64-unknown-linux-gnu
configure:7045: checking for a sed that does not truncate output
configure:7109: result: /bin/sed
configure:7127: checking for fgrep
configure:7189: result: /bin/grep -F
configure:7224: checking for ld used by gcc
configure:7291: result: /usr/bin/ld
configure:7298: checking if the linker (/usr/bin/ld) is GNU ld
configure:7313: result: yes
configure:7325: checking for BSD- or MS-compatible name lister (nm)
configure:7374: result: /usr/bin/nm -B
configure:7492: checking the name lister (/usr/bin/nm -B) interface
configure:7499: gcc -c -g -O2  conftest.c >&5
configure:7502: /usr/bin/nm -B "conftest.o"
configure:7505: output
0000000000000000 B some_variable
configure:7512: result: BSD nm
configure:7515: checking whether ln -s works
configure:7519: result: yes
configure:7527: checking the maximum length of command line arguments
configure:7647: result: 1966080
configure:7664: checking whether the shell understands some XSI constructs
configure:7674: result: yes
configure:7678: checking whether the shell understands "+="
configure:7684: result: yes
configure:7719: checking for /usr/bin/ld option to reload object files
configure:7726: result: -r
configure:7795: checking for objdump
configure:7811: found /usr/bin/objdump
configure:7822: result: objdump
configure:7854: checking how to recognize dependent libraries
configure:8050: result: pass_all
configure:8110: checking for ar
configure:8126: found /usr/bin/ar
configure:8137: result: ar
configure:8215: checking for strip
configure:8231: found /usr/bin/strip
configure:8242: result: strip
configure:8314: checking for ranlib
configure:8330: found /usr/bin/ranlib
configure:8341: result: ranlib
configure:8431: checking command to parse /usr/bin/nm -B output from gcc object
configure:8549: gcc -c -g -O2  conftest.c >&5
configure:8552: $? = 0
configure:8556: /usr/bin/nm -B conftest.o \| sed -n -e 's/^.*[	 ]\([ABCDGIRSTW][ABCDGIRSTW]*\)[	 ][	 ]*\([_A-Za-z][_A-Za-z0-9]*\)$/\1 \2 \2/p' \> conftest.nm
configure:8559: $? = 0
configure:8613: gcc -o conftest -g -O2   conftest.c conftstm.o >&5
configure:8616: $? = 0
configure:8654: result: ok
configure:8749: gcc -c -g -O2  conftest.c >&5
configure:8752: $? = 0
configure:9459: checking for dlfcn.h
configure:9459: gcc -c -g -O2  conftest.c >&5
configure:9459: $? = 0
configure:9459: result: yes
configure:9643: checking for objdir
configure:9658: result: .libs
configure:9950: checking if gcc supports -fno-rtti -fno-exceptions
configure:9968: gcc -c -g -O2  -fno-rtti -fno-exceptions conftest.c >&5
cc1: warning: command line option '-fno-rtti' is valid for C++/ObjC++ but not for C [enabled by default]
configure:9972: $? = 0
configure:9985: result: no
configure:10005: checking for gcc option to produce PIC
configure:10277: result: -fPIC -DPIC
configure:10289: checking if gcc PIC flag -fPIC -DPIC works
configure:10307: gcc -c -g -O2  -fPIC -DPIC -DPIC conftest.c >&5
configure:10311: $? = 0
configure:10324: result: yes
configure:10348: checking if gcc static flag -static works
configure:10376: result: yes
configure:10391: checking if gcc supports -c -o file.o
configure:10412: gcc -c -g -O2  -o out/conftest2.o conftest.c >&5
configure:10416: $? = 0
configure:10438: result: yes
configure:10446: checking if gcc supports -c -o file.o
configure:10493: result: yes
configure:10526: checking whether the gcc linker (/usr/bin/ld -m elf_x86_64) supports shared libraries
configure:11517: result: yes
configure:11554: checking whether -lc should be explicitly linked in
configure:11559: gcc -c -g -O2  conftest.c >&5
configure:11562: $? = 0
configure:11577: gcc -shared conftest.o  -v -Wl,-soname -Wl,conftest -o conftest 2\>\&1 \| /bin/grep  -lc  \>/dev/null 2\>\&1
configure:11580: $? = 0
configure:11592: result: no
configure:11756: checking dynamic linker characteristics
configure:12189: gcc -o conftest -g -O2   -Wl,-rpath -Wl,/foo conftest.c  >&5
configure:12189: $? = 0
configure:12419: result: GNU/Linux ld.so
configure:12521: checking how to hardcode library paths into programs
configure:12546: result: immediate
configure:13066: checking whether stripping libraries is possible
configure:13071: result: yes
configure:13106: checking if libtool supports shared libraries
configure:13108: result: yes
configure:13111: checking whether to build shared libraries
configure:13132: result: yes
configure:13135: checking whether to build static libraries
configure:13139: result: yes
configure:13230: checking for pkg-config
configure:13248: found /usr/bin/pkg-config
configure:13260: result: /usr/bin/pkg-config
configure:13285: checking pkg-config is at least version 0.9.0
configure:13288: result: yes
configure:13298: checking for LCS
configure:13305: $PKG_CONFIG --exists --print-errors "gtk+-2.0 >= 2.16    "
configure:13308: $? = 0
configure:13321: $PKG_CONFIG --exists --print-errors "gtk+-2.0 >= 2.16    "
configure:13324: $? = 0
configure:13381: result: yes
configure:13526: creating ./config.status

## ---------------------- ##
## Running config.status. ##
## ---------------------- ##

This file was extended by lcs config.status 0.9, which was
generated by GNU Autoconf 2.67.  Invocation command line was

  CONFIG_FILES    = 
  CONFIG_HEADERS  = 
  CONFIG_LINKS    = 
  CONFIG_COMMANDS = 
  $ ./config.status 

on nt096

config.status:1150: creating Makefile
config.status:1150: creating src/Makefile
config.status:1150: creating po/Makefile.in
config.status:1150: creating man/Makefile
config.status:1150: creating config.h
config.status:1330: config.h is unchanged
config.status:1378: executing depfiles commands
config.status:1378: executing default-1 commands
config.status:1378: executing libtool commands
config.status:1378: executing po/stamp-it commands

## ---------------- ##
## Cache variables. ##
## ---------------- ##

ac_cv_build=x86_64-unknown-linux-gnu
ac_cv_c_compiler_gnu=yes
ac_cv_env_CC_set=
ac_cv_env_CC_value=
ac_cv_env_CFLAGS_set=
ac_cv_env_CFLAGS_value=
ac_cv_env_CPPFLAGS_set=
ac_cv_env_CPPFLAGS_value=
ac_cv_env_CPP_set=
ac_cv_env_CPP_value=
ac_cv_env_LCS_CFLAGS_set=
ac_cv_env_LCS_CFLAGS_value=
ac_cv_env_LCS_LIBS_set=
ac_cv_env_LCS_LIBS_value=
ac_cv_env_LDFLAGS_set=
ac_cv_env_LDFLAGS_value=
ac_cv_env_LIBS_set=
ac_cv_env_LIBS_value=
ac_cv_env_PKG_CONFIG_LIBDIR_set=
ac_cv_env_PKG_CONFIG_LIBDIR_value=
ac_cv_env_PKG_CONFIG_PATH_set=
ac_cv_env_PKG_CONFIG_PATH_value=
ac_cv_env_PKG_CONFIG_set=
ac_cv_env_PKG_CONFIG_value=
ac_cv_env_build_alias_set=
ac_cv_env_build_alias_value=
ac_cv_env_host_alias_set=
ac_cv_env_host_alias_value=
ac_cv_env_target_alias_set=
ac_cv_env_target_alias_value=
ac_cv_func_bind_textdomain_codeset=yes
ac_cv_func_dcgettext=yes
ac_cv_header_dlfcn_h=yes
ac_cv_header_inttypes_h=yes
ac_cv_header_libintl_h=yes
ac_cv_header_locale_h=yes
ac_cv_header_memory_h=yes
ac_cv_header_stdc=yes
ac_cv_header_stdint_h=yes
ac_cv_header_stdlib_h=yes
ac_cv_header_string_h=yes
ac_cv_header_strings_h=yes
ac_cv_header_sys_stat_h=yes
ac_cv_header_sys_types_h=yes
ac_cv_header_unistd_h=yes
ac_cv_host=x86_64-unknown-linux-gnu
ac_cv_objext=o
ac_cv_path_EGREP='/bin/grep -E'
ac_cv_path_FGREP='/bin/grep -F'
ac_cv_path_GMSGFMT=/usr/bin/msgfmt
ac_cv_path_GREP=/bin/grep
ac_cv_path_INTLTOOL_EXTRACT=/usr/bin/intltool-extract
ac_cv_path_INTLTOOL_MERGE=/usr/bin/intltool-merge
ac_cv_path_INTLTOOL_PERL=/usr/local/bin/perl
ac_cv_path_INTLTOOL_UPDATE=/usr/bin/intltool-update
ac_cv_path_MSGFMT=/usr/bin/msgfmt
ac_cv_path_MSGMERGE=/usr/bin/msgmerge
ac_cv_path_SED=/bin/sed
ac_cv_path_XGETTEXT=/usr/bin/xgettext
ac_cv_path_ac_pt_PKG_CONFIG=/usr/bin/pkg-config
ac_cv_path_install='/usr/bin/install -c'
ac_cv_path_mkdir=/bin/mkdir
ac_cv_prog_AWK=gawk
ac_cv_prog_CPP='gcc -E'
ac_cv_prog_ac_ct_AR=ar
ac_cv_prog_ac_ct_CC=gcc
ac_cv_prog_ac_ct_OBJDUMP=objdump
ac_cv_prog_ac_ct_RANLIB=ranlib
ac_cv_prog_ac_ct_STRIP=strip
ac_cv_prog_cc_c89=
ac_cv_prog_cc_g=yes
ac_cv_prog_make_make_set=yes
ac_cv_search_strerror='none required'
am_cv_CC_dependencies_compiler_type=gcc3
am_cv_prog_cc_stdc=
am_cv_val_LC_MESSAGES=yes
gt_cv_func_dgettext_libc=yes
gt_cv_func_dgettext_libintl=no
gt_cv_func_ngettext_libc=yes
gt_cv_have_gettext=yes
lt_cv_deplibs_check_method=pass_all
lt_cv_file_magic_cmd='$MAGIC_CMD'
lt_cv_file_magic_test_file=
lt_cv_ld_reload_flag=-r
lt_cv_nm_interface='BSD nm'
lt_cv_objdir=.libs
lt_cv_path_LD=/usr/bin/ld
lt_cv_path_NM='/usr/bin/nm -B'
lt_cv_prog_compiler_c_o=yes
lt_cv_prog_compiler_pic_works=yes
lt_cv_prog_compiler_rtti_exceptions=no
lt_cv_prog_compiler_static_works=yes
lt_cv_prog_gnu_ld=yes
lt_cv_sys_global_symbol_pipe='sed -n -e '\''s/^.*[	 ]\([ABCDGIRSTW][ABCDGIRSTW]*\)[	 ][	 ]*\([_A-Za-z][_A-Za-z0-9]*\)$/\1 \2 \2/p'\'''
lt_cv_sys_global_symbol_to_c_name_address='sed -n -e '\''s/^: \([^ ]*\) $/  {\"\1\", (void *) 0},/p'\'' -e '\''s/^[ABCDGIRSTW]* \([^ ]*\) \([^ ]*\)$/  {"\2", (void *) \&\2},/p'\'''
lt_cv_sys_global_symbol_to_c_name_address_lib_prefix='sed -n -e '\''s/^: \([^ ]*\) $/  {\"\1\", (void *) 0},/p'\'' -e '\''s/^[ABCDGIRSTW]* \([^ ]*\) \(lib[^ ]*\)$/  {"\2", (void *) \&\2},/p'\'' -e '\''s/^[ABCDGIRSTW]* \([^ ]*\) \([^ ]*\)$/  {"lib\2", (void *) \&\2},/p'\'''
lt_cv_sys_global_symbol_to_cdecl='sed -n -e '\''s/^T .* \(.*\)$/extern int \1();/p'\'' -e '\''s/^[ABCDGIRSTW]* .* \(.*\)$/extern char \1;/p'\'''
lt_cv_sys_max_cmd_len=1966080
pkg_cv_LCS_CFLAGS='-I/usr/include/gtk-2.0 -I/usr/lib64/gtk-2.0/include -I/usr/include/atk-1.0 -I/usr/include/cairo -I/usr/include/pango-1.0 -I/usr/include/glib-2.0 -I/usr/lib64/glib-2.0/include -I/usr/include/pixman-1 -I/usr/include/freetype2 -I/usr/include/libpng12  '
pkg_cv_LCS_LIBS='-lgtk-x11-2.0 -lgdk-x11-2.0 -latk-1.0 -lgio-2.0 -lpangoft2-1.0 -lgdk_pixbuf-2.0 -lpangocairo-1.0 -lcairo -lpango-1.0 -lfreetype -lfontconfig -lgobject-2.0 -lgmodule-2.0 -lglib-2.0  '

## ----------------- ##
## Output variables. ##
## ----------------- ##

ACLOCAL='${SHELL} /home/a-kashiwagi/src/lcs_gui/Optimized/lcs-0.9/missing --run aclocal-1.11'
ALL_LINGUAS=''
AMDEPBACKSLASH='\'
AMDEP_FALSE='#'
AMDEP_TRUE=''
AMTAR='${SHELL} /home/a-kashiwagi/src/lcs_gui/Optimized/lcs-0.9/missing --run tar'
AR='ar'
AUTOCONF='${SHELL} /home/a-kashiwagi/src/lcs_gui/Optimized/lcs-0.9/missing --run autoconf'
AUTOHEADER='${SHELL} /home/a-kashiwagi/src/lcs_gui/Optimized/lcs-0.9/missing --run autoheader'
AUTOMAKE='${SHELL} /home/a-kashiwagi/src/lcs_gui/Optimized/lcs-0.9/missing --run automake-1.11'
AWK='gawk'
CATALOGS=''
CATOBJEXT='.gmo'
CC='gcc'
CCDEPMODE='depmode=gcc3'
CFLAGS='-g -O2'
CPP='gcc -E'
CPPFLAGS=''
CYGPATH_W='echo'
DATADIRNAME='share'
DEFS='-DHAVE_CONFIG_H'
DEPDIR='.deps'
DSYMUTIL=''
DUMPBIN=''
ECHO_C=''
ECHO_N='-n'
ECHO_T=''
EGREP='/bin/grep -E'
EXEEXT=''
FGREP='/bin/grep -F'
GETTEXT_PACKAGE='lcs'
GMOFILES=''
GMSGFMT='/usr/bin/msgfmt'
GREP='/bin/grep'
INSTALL_DATA='${INSTALL} -m 644'
INSTALL_PROGRAM='${INSTALL}'
INSTALL_SCRIPT='${INSTALL}'
INSTALL_STRIP_PROGRAM='$(install_sh) -c -s'
INSTOBJEXT='.mo'
INTLLIBS=''
INTLTOOL_CAVES_RULE='%.caves:     %.caves.in     $(INTLTOOL_MERGE) $(wildcard $(top_srcdir)/po/*.po) ; LC_ALL=C $(INTLTOOL_MERGE) -d -u -c $(top_builddir)/po/.intltool-merge-cache $(top_srcdir)/po $< $@'
INTLTOOL_DESKTOP_RULE='%.desktop:   %.desktop.in   $(INTLTOOL_MERGE) $(wildcard $(top_srcdir)/po/*.po) ; LC_ALL=C $(INTLTOOL_MERGE) -d -u -c $(top_builddir)/po/.intltool-merge-cache $(top_srcdir)/po $< $@'
INTLTOOL_DIRECTORY_RULE='%.directory: %.directory.in $(INTLTOOL_MERGE) $(wildcard $(top_srcdir)/po/*.po) ; LC_ALL=C $(INTLTOOL_MERGE) -d -u -c $(top_builddir)/po/.intltool-merge-cache $(top_srcdir)/po $< $@'
INTLTOOL_EXTRACT='/usr/bin/intltool-extract'
INTLTOOL_KBD_RULE='%.kbd:       %.kbd.in       $(INTLTOOL_MERGE) $(wildcard $(top_srcdir)/po/*.po) ; LC_ALL=C $(INTLTOOL_MERGE) -x -u -m -c $(top_builddir)/po/.intltool-merge-cache $(top_srcdir)/po $< $@'
INTLTOOL_KEYS_RULE='%.keys:      %.keys.in      $(INTLTOOL_MERGE) $(wildcard $(top_srcdir)/po/*.po) ; LC_ALL=C $(INTLTOOL_MERGE) -k -u -c $(top_builddir)/po/.intltool-merge-cache $(top_srcdir)/po $< $@'
INTLTOOL_MERGE='/usr/bin/intltool-merge'
INTLTOOL_OAF_RULE='%.oaf:       %.oaf.in       $(INTLTOOL_MERGE) $(wildcard $(top_srcdir)/po/*.po) ; LC_ALL=C $(INTLTOOL_MERGE) -o -p $(top_srcdir)/po $< $@'
INTLTOOL_PERL='/usr/local/bin/perl'
INTLTOOL_POLICY_RULE='%.policy:    %.policy.in    $(INTLTOOL_MERGE) $(wildcard $(top_srcdir)/po/*.po) ; LC_ALL=C $(INTLTOOL_MERGE) -x -u -c $(top_builddir)/po/.intltool-merge-cache $(top_srcdir)/po $< $@'
INTLTOOL_PONG_RULE='%.pong:      %.pong.in      $(INTLTOOL_MERGE) $(wildcard $(top_srcdir)/po/*.po) ; LC_ALL=C $(INTLTOOL_MERGE) -x -u -c $(top_builddir)/po/.intltool-merge-cache $(top_srcdir)/po $< $@'
INTLTOOL_PROP_RULE='%.prop:      %.prop.in      $(INTLTOOL_MERGE) $(wildcard $(top_srcdir)/po/*.po) ; LC_ALL=C $(INTLTOOL_MERGE) -d -u -c $(top_builddir)/po/.intltool-merge-cache $(top_srcdir)/po $< $@'
INTLTOOL_SCHEMAS_RULE='%.schemas:   %.schemas.in   $(INTLTOOL_MERGE) $(wildcard $(top_srcdir)/po/*.po) ; LC_ALL=C $(INTLTOOL_MERGE) -s -u -c $(top_builddir)/po/.intltool-merge-cache $(top_srcdir)/po $< $@'
INTLTOOL_SERVER_RULE='%.server:    %.server.in    $(INTLTOOL_MERGE) $(wildcard $(top_srcdir)/po/*.po) ; LC_ALL=C $(INTLTOOL_MERGE) -o -u -c $(top_builddir)/po/.intltool-merge-cache $(top_srcdir)/po $< $@'
INTLTOOL_SERVICE_RULE='%.service: %.service.in   $(INTLTOOL_MERGE) $(wildcard $(top_srcdir)/po/*.po) ; LC_ALL=C $(INTLTOOL_MERGE) -d -u -c $(top_builddir)/po/.intltool-merge-cache $(top_srcdir)/po $< $@'
INTLTOOL_SHEET_RULE='%.sheet:     %.sheet.in     $(INTLTOOL_MERGE) $(wildcard $(top_srcdir)/po/*.po) ; LC_ALL=C $(INTLTOOL_MERGE) -x -u -c $(top_builddir)/po/.intltool-merge-cache $(top_srcdir)/po $< $@'
INTLTOOL_SOUNDLIST_RULE='%.soundlist: %.soundlist.in $(INTLTOOL_MERGE) $(wildcard $(top_srcdir)/po/*.po) ; LC_ALL=C $(INTLTOOL_MERGE) -d -u -c $(top_builddir)/po/.intltool-merge-cache $(top_srcdir)/po $< $@'
INTLTOOL_THEME_RULE='%.theme:     %.theme.in     $(INTLTOOL_MERGE) $(wildcard $(top_srcdir)/po/*.po) ; LC_ALL=C $(INTLTOOL_MERGE) -d -u -c $(top_builddir)/po/.intltool-merge-cache $(top_srcdir)/po $< $@'
INTLTOOL_UI_RULE='%.ui:        %.ui.in        $(INTLTOOL_MERGE) $(wildcard $(top_srcdir)/po/*.po) ; LC_ALL=C $(INTLTOOL_MERGE) -x -u -c $(top_builddir)/po/.intltool-merge-cache $(top_srcdir)/po $< $@'
INTLTOOL_UPDATE='/usr/bin/intltool-update'
INTLTOOL_XAM_RULE='%.xam:       %.xml.in       $(INTLTOOL_MERGE) $(wildcard $(top_srcdir)/po/*.po) ; LC_ALL=C $(INTLTOOL_MERGE) -x -u -c $(top_builddir)/po/.intltool-merge-cache $(top_srcdir)/po $< $@'
INTLTOOL_XML_NOMERGE_RULE='%.xml:       %.xml.in       $(INTLTOOL_MERGE) ; LC_ALL=C $(INTLTOOL_MERGE) -x -u /tmp $< $@'
INTLTOOL_XML_RULE='%.xml:       %.xml.in       $(INTLTOOL_MERGE) $(wildcard $(top_srcdir)/po/*.po) ; LC_ALL=C $(INTLTOOL_MERGE) -x -u -c $(top_builddir)/po/.intltool-merge-cache $(top_srcdir)/po $< $@'
LCS_CFLAGS='-I/usr/include/gtk-2.0 -I/usr/lib64/gtk-2.0/include -I/usr/include/atk-1.0 -I/usr/include/cairo -I/usr/include/pango-1.0 -I/usr/include/glib-2.0 -I/usr/lib64/glib-2.0/include -I/usr/include/pixman-1 -I/usr/include/freetype2 -I/usr/include/libpng12  '
LCS_LIBS='-lgtk-x11-2.0 -lgdk-x11-2.0 -latk-1.0 -lgio-2.0 -lpangoft2-1.0 -lgdk_pixbuf-2.0 -lpangocairo-1.0 -lcairo -lpango-1.0 -lfreetype -lfontconfig -lgobject-2.0 -lgmodule-2.0 -lglib-2.0  '
LD='/usr/bin/ld -m elf_x86_64'
LDFLAGS=''
LIBOBJS=''
LIBS=''
LIBTOOL='$(SHELL) $(top_builddir)/libtool'
LIPO=''
LN_S='ln -s'
LTLIBOBJS=''
MAINT='#'
MAINTAINER_MODE_FALSE=''
MAINTAINER_MODE_TRUE='#'
MAKEINFO='${SHELL} /home/a-kashiwagi/src/lcs_gui/Optimized/lcs-0.9/missing --run makeinfo'
MKDIR_P='/bin/mkdir -p'
MKINSTALLDIRS='./mkinstalldirs'
MSGFMT='/usr/bin/msgfmt'
MSGFMT_OPTS='-c'
MSGMERGE='/usr/bin/msgmerge'
NM='/usr/bin/nm -B'
NMEDIT=''
OBJDUMP='objdump'
OBJEXT='o'
OTOOL64=''
OTOOL=''
PACKAGE='lcs'
PACKAGE_BUGREPORT='http://sites.google.com/site/kashiwagiakihiro/'
PACKAGE_NAME='lcs'
PACKAGE_STRING='lcs 0.9'
PACKAGE_TARNAME='lcs'
PACKAGE_URL=''
PACKAGE_VERSION='0.9'
PATH_SEPARATOR=':'
PKG_CONFIG='/usr/bin/pkg-config'
PKG_CONFIG_LIBDIR=''
PKG_CONFIG_PATH=''
POFILES=''
POSUB='po'
PO_IN_DATADIR_FALSE=''
PO_IN_DATADIR_TRUE=''
RANLIB='ranlib'
SED='/bin/sed'
SET_MAKE=''
SHELL='/bin/sh'
STRIP='strip'
USE_NLS='yes'
VERSION='0.9'
XGETTEXT='/usr/bin/xgettext'
ac_ct_CC='gcc'
ac_ct_DUMPBIN=''
am__EXEEXT_FALSE=''
am__EXEEXT_TRUE='#'
am__fastdepCC_FALSE='#'
am__fastdepCC_TRUE=''
am__include='include'
am__isrc=''
am__leading_dot='.'
am__quote=''
am__tar='${AMTAR} chof - "$$tardir"'
am__untar='${AMTAR} xf -'
bindir='${exec_prefix}/bin'
build='x86_64-unknown-linux-gnu'
build_alias=''
build_cpu='x86_64'
build_os='linux-gnu'
build_vendor='unknown'
datadir='${datarootdir}'
datarootdir='${prefix}/share'
docdir='${datarootdir}/doc/${PACKAGE_TARNAME}'
dvidir='${docdir}'
exec_prefix='${prefix}'
host='x86_64-unknown-linux-gnu'
host_alias=''
host_cpu='x86_64'
host_os='linux-gnu'
host_vendor='unknown'
htmldir='${docdir}'
includedir='${prefix}/include'
infodir='${datarootdir}/info'
install_sh='${SHELL} /home/a-kashiwagi/src/lcs_gui/Optimized/lcs-0.9/install-sh'
libdir='${exec_prefix}/lib'
libexecdir='${exec_prefix}/libexec'
localedir='${datarootdir}/locale'
localstatedir='${prefix}/var'
lt_ECHO='echo'
mandir='${datarootdir}/man'
mkdir_p='/bin/mkdir -p'
oldincludedir='/usr/include'
pdfdir='${docdir}'
prefix='/usr/local'
program_transform_name='s,x,x,'
psdir='${docdir}'
sbindir='${exec_prefix}/sbin'
sharedstatedir='${prefix}/com'
sysconfdir='${prefix}/etc'
target_alias=''

## ----------- ##
## confdefs.h. ##
## ----------- ##

/* confdefs.h */
#define PACKAGE_NAME "lcs"
#define PACKAGE_TARNAME "lcs"
#define PACKAGE_VERSION "0.9"
#define PACKAGE_STRING "lcs 0.9"
#define PACKAGE_BUGREPORT "http://sites.google.com/site/kashiwagiakihiro/"
#define PACKAGE_URL ""
#define PACKAGE "lcs"
#define VERSION "0.9"
#define STDC_HEADERS 1
#define GETTEXT_PACKAGE "lcs"
#define HAVE_SYS_TYPES_H 1
#define HAVE_SYS_STAT_H 1
#define HAVE_STDLIB_H 1
#define HAVE_STRING_H 1
#define HAVE_MEMORY_H 1
#define HAVE_STRINGS_H 1
#define HAVE_INTTYPES_H 1
#define HAVE_STDINT_H 1
#define HAVE_UNISTD_H 1
#define HAVE_LOCALE_H 1
#define HAVE_LC_MESSAGES 1
#define HAVE_BIND_TEXTDOMAIN_CODESET 1
#define HAVE_GETTEXT 1
#define HAVE_DCGETTEXT 1
#define ENABLE_NLS 1
#define HAVE_DLFCN_H 1
#define LT_OBJDIR ".libs/"

configure: exit 0
