This file contains any messages produced by compilers while
running configure, to aid debugging if configure makes a mistake.

It was created by lcs configure 0.1, which was
generated by GNU Autoconf 2.64.  Invocation command line was

  $ /home/akihiro/Documents/Bioinformatics/src/lcs_gui/configure --enable-maintainer-mode CFLAGS=-g -O0 CXXFLAGS=-g -O0 JFLAGS=-g -O0 FFLAGS=-g -O0 --no-create --no-recursion

## --------- ##
## Platform. ##
## --------- ##

hostname = tama
uname -m = i686
uname -r = 2.6.31-22-generic
uname -s = Linux
uname -v = #70-Ubuntu SMP Wed Dec 1 23:51:13 UTC 2010

/usr/bin/uname -p = unknown
/bin/uname -X     = unknown

/bin/arch              = unknown
/usr/bin/arch -k       = unknown
/usr/convex/getsysinfo = unknown
/usr/bin/hostinfo      = unknown
/bin/machine           = unknown
/usr/bin/oslevel       = unknown
/bin/universe          = unknown

PATH: /home/akihiro/bin
PATH: /usr/local/sbin
PATH: /usr/local/bin
PATH: /usr/sbin
PATH: /usr/bin
PATH: /sbin
PATH: /bin
PATH: /usr/games


## ----------- ##
## Core tests. ##
## ----------- ##

configure:2389: checking for a BSD-compatible install
configure:2457: result: /usr/bin/install -c
configure:2468: checking whether build environment is sane
configure:2518: result: yes
configure:2659: checking for a thread-safe mkdir -p
configure:2698: result: /bin/mkdir -p
configure:2711: checking for gawk
configure:2741: result: no
configure:2711: checking for mawk
configure:2727: found /usr/bin/mawk
configure:2738: result: mawk
configure:2749: checking whether make sets $(MAKE)
configure:2771: result: yes
configure:2854: checking whether to enable maintainer-specific portions of Makefiles
configure:2863: result: yes
configure:2889: checking for style of include used by make
configure:2917: result: GNU
configure:2987: checking for gcc
configure:3003: found /usr/bin/gcc
configure:3014: result: gcc
configure:3243: checking for C compiler version
configure:3252: gcc --version >&5
gcc (Ubuntu 4.4.1-4ubuntu9) 4.4.1
Copyright (C) 2009 Free Software Foundation, Inc.
This is free software; see the source for copying conditions.  There is NO
warranty; not even for MERCHANTABILITY or FITNESS FOR A PARTICULAR PURPOSE.

configure:3263: $? = 0
configure:3252: gcc -v >&5
Using built-in specs.
Target: i486-linux-gnu
Configured with: ../src/configure -v --with-pkgversion='Ubuntu 4.4.1-4ubuntu9' --with-bugurl=file:///usr/share/doc/gcc-4.4/README.Bugs --enable-languages=c,c++,fortran,objc,obj-c++ --prefix=/usr --enable-shared --enable-multiarch --enable-linker-build-id --with-system-zlib --libexecdir=/usr/lib --without-included-gettext --enable-threads=posix --with-gxx-include-dir=/usr/include/c++/4.4 --program-suffix=-4.4 --enable-nls --enable-clocale=gnu --enable-libstdcxx-debug --enable-objc-gc --enable-targets=all --disable-werror --with-arch-32=i486 --with-tune=generic --enable-checking=release --build=i486-linux-gnu --host=i486-linux-gnu --target=i486-linux-gnu
Thread model: posix
gcc version 4.4.1 (Ubuntu 4.4.1-4ubuntu9) 
configure:3263: $? = 0
configure:3252: gcc -V >&5
gcc: '-V' option must have argument
configure:3263: $? = 1
configure:3252: gcc -qversion >&5
gcc: unrecognized option '-qversion'
gcc: no input files
configure:3263: $? = 1
configure:3285: checking for C compiler default output file name
configure:3307: gcc -g -O0   conftest.c  >&5
configure:3311: $? = 0
configure:3348: result: a.out
configure:3364: checking whether the C compiler works
configure:3373: ./a.out
configure:3377: $? = 0
configure:3392: result: yes
configure:3399: checking whether we are cross compiling
configure:3401: result: no
configure:3404: checking for suffix of executables
configure:3411: gcc -o conftest -g -O0   conftest.c  >&5
configure:3415: $? = 0
configure:3437: result: 
configure:3443: checking for suffix of object files
configure:3465: gcc -c -g -O0  conftest.c >&5
configure:3469: $? = 0
configure:3490: result: o
configure:3494: checking whether we are using the GNU C compiler
configure:3513: gcc -c -g -O0  conftest.c >&5
configure:3513: $? = 0
configure:3522: result: yes
configure:3531: checking whether gcc accepts -g
configure:3551: gcc -c -g  conftest.c >&5
configure:3551: $? = 0
configure:3592: result: yes
configure:3609: checking for gcc option to accept ISO C89
configure:3673: gcc  -c -g -O0  conftest.c >&5
configure:3673: $? = 0
configure:3686: result: none needed
configure:3708: checking dependency style of gcc
configure:3818: result: gcc3
configure:3834: checking for library containing strerror
configure:3865: gcc -o conftest -g -O0   conftest.c  >&5
configure:3865: $? = 0
configure:3882: result: none required
configure:3938: checking for gcc
configure:3965: result: gcc
configure:4194: checking for C compiler version
configure:4203: gcc --version >&5
gcc (Ubuntu 4.4.1-4ubuntu9) 4.4.1
Copyright (C) 2009 Free Software Foundation, Inc.
This is free software; see the source for copying conditions.  There is NO
warranty; not even for MERCHANTABILITY or FITNESS FOR A PARTICULAR PURPOSE.

configure:4214: $? = 0
configure:4203: gcc -v >&5
Using built-in specs.
Target: i486-linux-gnu
Configured with: ../src/configure -v --with-pkgversion='Ubuntu 4.4.1-4ubuntu9' --with-bugurl=file:///usr/share/doc/gcc-4.4/README.Bugs --enable-languages=c,c++,fortran,objc,obj-c++ --prefix=/usr --enable-shared --enable-multiarch --enable-linker-build-id --with-system-zlib --libexecdir=/usr/lib --without-included-gettext --enable-threads=posix --with-gxx-include-dir=/usr/include/c++/4.4 --program-suffix=-4.4 --enable-nls --enable-clocale=gnu --enable-libstdcxx-debug --enable-objc-gc --enable-targets=all --disable-werror --with-arch-32=i486 --with-tune=generic --enable-checking=release --build=i486-linux-gnu --host=i486-linux-gnu --target=i486-linux-gnu
Thread model: posix
gcc version 4.4.1 (Ubuntu 4.4.1-4ubuntu9) 
configure:4214: $? = 0
configure:4203: gcc -V >&5
gcc: '-V' option must have argument
configure:4214: $? = 1
configure:4203: gcc -qversion >&5
gcc: unrecognized option '-qversion'
gcc: no input files
configure:4214: $? = 1
configure:4218: checking whether we are using the GNU C compiler
configure:4246: result: yes
configure:4255: checking whether gcc accepts -g
configure:4316: result: yes
configure:4333: checking for gcc option to accept ISO C89
configure:4410: result: none needed
configure:4432: checking dependency style of gcc
configure:4542: result: gcc3
configure:4605: checking for gcc
configure:4632: result: gcc
configure:4861: checking for C compiler version
configure:4870: gcc --version >&5
gcc (Ubuntu 4.4.1-4ubuntu9) 4.4.1
Copyright (C) 2009 Free Software Foundation, Inc.
This is free software; see the source for copying conditions.  There is NO
warranty; not even for MERCHANTABILITY or FITNESS FOR A PARTICULAR PURPOSE.

configure:4881: $? = 0
configure:4870: gcc -v >&5
Using built-in specs.
Target: i486-linux-gnu
Configured with: ../src/configure -v --with-pkgversion='Ubuntu 4.4.1-4ubuntu9' --with-bugurl=file:///usr/share/doc/gcc-4.4/README.Bugs --enable-languages=c,c++,fortran,objc,obj-c++ --prefix=/usr --enable-shared --enable-multiarch --enable-linker-build-id --with-system-zlib --libexecdir=/usr/lib --without-included-gettext --enable-threads=posix --with-gxx-include-dir=/usr/include/c++/4.4 --program-suffix=-4.4 --enable-nls --enable-clocale=gnu --enable-libstdcxx-debug --enable-objc-gc --enable-targets=all --disable-werror --with-arch-32=i486 --with-tune=generic --enable-checking=release --build=i486-linux-gnu --host=i486-linux-gnu --target=i486-linux-gnu
Thread model: posix
gcc version 4.4.1 (Ubuntu 4.4.1-4ubuntu9) 
configure:4881: $? = 0
configure:4870: gcc -V >&5
gcc: '-V' option must have argument
configure:4881: $? = 1
configure:4870: gcc -qversion >&5
gcc: unrecognized option '-qversion'
gcc: no input files
configure:4881: $? = 1
configure:4885: checking whether we are using the GNU C compiler
configure:4913: result: yes
configure:4922: checking whether gcc accepts -g
configure:4983: result: yes
configure:5000: checking for gcc option to accept ISO C89
configure:5077: result: none needed
configure:5099: checking dependency style of gcc
configure:5209: result: gcc3
configure:5232: checking how to run the C preprocessor
configure:5263: gcc -E  conftest.c
configure:5263: $? = 0
configure:5277: gcc -E  conftest.c
conftest.c:11:28: error: ac_nonexistent.h: No such file or directory
configure:5277: $? = 1
configure: failed program was:
| /* confdefs.h */
| #define PACKAGE_NAME "lcs"
| #define PACKAGE_TARNAME "lcs"
| #define PACKAGE_VERSION "0.1"
| #define PACKAGE_STRING "lcs 0.1"
| #define PACKAGE_BUGREPORT ""
| #define PACKAGE_URL ""
| #define PACKAGE "lcs"
| #define VERSION "0.1"
| /* end confdefs.h.  */
| #include <ac_nonexistent.h>
configure:5302: result: gcc -E
configure:5322: gcc -E  conftest.c
configure:5322: $? = 0
configure:5336: gcc -E  conftest.c
conftest.c:11:28: error: ac_nonexistent.h: No such file or directory
configure:5336: $? = 1
configure: failed program was:
| /* confdefs.h */
| #define PACKAGE_NAME "lcs"
| #define PACKAGE_TARNAME "lcs"
| #define PACKAGE_VERSION "0.1"
| #define PACKAGE_STRING "lcs 0.1"
| #define PACKAGE_BUGREPORT ""
| #define PACKAGE_URL ""
| #define PACKAGE "lcs"
| #define VERSION "0.1"
| /* end confdefs.h.  */
| #include <ac_nonexistent.h>
configure:5365: checking for grep that handles long lines and -e
configure:5423: result: /bin/grep
configure:5428: checking for egrep
configure:5490: result: /bin/grep -E
configure:5495: checking for ANSI C header files
configure:5515: gcc -c -g -O0  conftest.c >&5
configure:5515: $? = 0
configure:5588: gcc -o conftest -g -O0   conftest.c  >&5
configure:5588: $? = 0
configure:5588: ./conftest
configure:5588: $? = 0
configure:5599: result: yes
configure:5623: checking for sys/types.h
configure:5623: gcc -c -g -O0  conftest.c >&5
configure:5623: $? = 0
configure:5623: result: yes
configure:5623: checking for sys/stat.h
configure:5623: gcc -c -g -O0  conftest.c >&5
configure:5623: $? = 0
configure:5623: result: yes
configure:5623: checking for stdlib.h
configure:5623: gcc -c -g -O0  conftest.c >&5
configure:5623: $? = 0
configure:5623: result: yes
configure:5623: checking for string.h
configure:5623: gcc -c -g -O0  conftest.c >&5
configure:5623: $? = 0
configure:5623: result: yes
configure:5623: checking for memory.h
configure:5623: gcc -c -g -O0  conftest.c >&5
configure:5623: $? = 0
configure:5623: result: yes
configure:5623: checking for strings.h
configure:5623: gcc -c -g -O0  conftest.c >&5
configure:5623: $? = 0
configure:5623: result: yes
configure:5623: checking for inttypes.h
configure:5623: gcc -c -g -O0  conftest.c >&5
configure:5623: $? = 0
configure:5623: result: yes
configure:5623: checking for stdint.h
configure:5623: gcc -c -g -O0  conftest.c >&5
configure:5623: $? = 0
configure:5623: result: yes
configure:5623: checking for unistd.h
configure:5623: gcc -c -g -O0  conftest.c >&5
configure:5623: $? = 0
configure:5623: result: yes
configure:5639: checking locale.h usability
configure:5639: gcc -c -g -O0  conftest.c >&5
configure:5639: $? = 0
configure:5639: result: yes
configure:5639: checking locale.h presence
configure:5639: gcc -E  conftest.c
configure:5639: $? = 0
configure:5639: result: yes
configure:5639: checking for locale.h
configure:5639: result: yes
configure:5650: checking for LC_MESSAGES
configure:5666: gcc -o conftest -g -O0   conftest.c  >&5
configure:5666: $? = 0
configure:5674: result: yes
configure:5691: checking libintl.h usability
configure:5691: gcc -c -g -O0  conftest.c >&5
configure:5691: $? = 0
configure:5691: result: yes
configure:5691: checking libintl.h presence
configure:5691: gcc -E  conftest.c
configure:5691: $? = 0
configure:5691: result: yes
configure:5691: checking for libintl.h
configure:5691: result: yes
configure:5699: checking for ngettext in libc
configure:5717: gcc -o conftest -g -O0   conftest.c  >&5
configure:5717: $? = 0
configure:5726: result: yes
configure:5730: checking for dgettext in libc
configure:5748: gcc -o conftest -g -O0   conftest.c  >&5
configure:5748: $? = 0
configure:5757: result: yes
configure:5764: checking for bind_textdomain_codeset
configure:5764: gcc -o conftest -g -O0   conftest.c  >&5
configure:5764: $? = 0
configure:5764: result: yes
configure:6040: checking for msgfmt
configure:6067: result: /usr/bin/msgfmt
configure:6078: checking for dcgettext
configure:6078: gcc -o conftest -g -O0   conftest.c   >&5
conftest.c:49: warning: conflicting types for built-in function 'dcgettext'
configure:6078: $? = 0
configure:6078: result: yes
configure:6088: checking if msgfmt accepts -c
configure:6103: $MSGFMT -c -o /dev/null conftest.foo
configure:6106: $? = 0
configure:6108: result: yes
configure:6118: checking for gmsgfmt
configure:6149: result: /usr/bin/msgfmt
configure:6159: checking for xgettext
configure:6186: result: /usr/bin/xgettext
configure:6205: gcc -o conftest -g -O0   conftest.c   >&5
configure:6205: $? = 0
configure:6341: checking whether NLS is requested
configure:6350: result: yes
configure:6365: checking for intltool >= 0.35.0
configure:6372: result: 0.41.0 found
configure:6380: checking for intltool-update
configure:6398: found /usr/bin/intltool-update
configure:6410: result: /usr/bin/intltool-update
configure:6420: checking for intltool-merge
configure:6438: found /usr/bin/intltool-merge
configure:6450: result: /usr/bin/intltool-merge
configure:6460: checking for intltool-extract
configure:6478: found /usr/bin/intltool-extract
configure:6490: result: /usr/bin/intltool-extract
configure:6621: checking for xgettext
configure:6651: result: /usr/bin/xgettext
configure:6661: checking for msgmerge
configure:6679: found /usr/bin/msgmerge
configure:6691: result: /usr/bin/msgmerge
configure:6701: checking for msgfmt
configure:6731: result: /usr/bin/msgfmt
configure:6741: checking for gmsgfmt
configure:6772: result: /usr/bin/msgfmt
configure:6792: checking for perl
configure:6810: found /usr/bin/perl
configure:6822: result: /usr/bin/perl
configure:6833: checking for perl >= 5.8.1
configure:6840: result: 5.10.0
configure:6844: checking for XML::Parser
configure:6847: result: ok
configure:6930: checking build system type
configure:6944: result: i686-pc-linux-gnu
configure:6964: checking host system type
configure:6977: result: i686-pc-linux-gnu
configure:6997: checking for a sed that does not truncate output
configure:7061: result: /bin/sed
configure:7079: checking for fgrep
configure:7141: result: /bin/grep -F
configure:7176: checking for ld used by gcc
configure:7243: result: /usr/bin/ld
configure:7250: checking if the linker (/usr/bin/ld) is GNU ld
configure:7265: result: yes
configure:7277: checking for BSD- or MS-compatible name lister (nm)
configure:7326: result: /usr/bin/nm -B
configure:7444: checking the name lister (/usr/bin/nm -B) interface
configure:7451: gcc -c -g -O0  conftest.c >&5
configure:7454: /usr/bin/nm -B "conftest.o"
configure:7457: output
00000000 B some_variable
configure:7464: result: BSD nm
configure:7467: checking whether ln -s works
configure:7471: result: yes
configure:7479: checking the maximum length of command line arguments
configure:7599: result: 805306365
configure:7616: checking whether the shell understands some XSI constructs
configure:7626: result: yes
configure:7630: checking whether the shell understands "+="
configure:7636: result: yes
configure:7671: checking for /usr/bin/ld option to reload object files
configure:7678: result: -r
configure:7747: checking for objdump
configure:7763: found /usr/bin/objdump
configure:7774: result: objdump
configure:7806: checking how to recognize dependent libraries
configure:8002: result: pass_all
configure:8062: checking for ar
configure:8078: found /usr/bin/ar
configure:8089: result: ar
configure:8167: checking for strip
configure:8183: found /usr/bin/strip
configure:8194: result: strip
configure:8266: checking for ranlib
configure:8282: found /usr/bin/ranlib
configure:8293: result: ranlib
configure:8383: checking command to parse /usr/bin/nm -B output from gcc object
configure:8501: gcc -c -g -O0  conftest.c >&5
configure:8504: $? = 0
configure:8508: /usr/bin/nm -B conftest.o \| sed -n -e 's/^.*[	 ]\([ABCDGIRSTW][ABCDGIRSTW]*\)[	 ][	 ]*\([_A-Za-z][_A-Za-z0-9]*\)$/\1 \2 \2/p' \> conftest.nm
configure:8511: $? = 0
configure:8565: gcc -o conftest -g -O0   conftest.c conftstm.o >&5
configure:8568: $? = 0
configure:8606: result: ok
configure:9411: checking for dlfcn.h
configure:9411: gcc -c -g -O0  conftest.c >&5
configure:9411: $? = 0
configure:9411: result: yes
configure:9595: checking for objdir
configure:9610: result: .libs
configure:9902: checking if gcc supports -fno-rtti -fno-exceptions
configure:9920: gcc -c -g -O0  -fno-rtti -fno-exceptions conftest.c >&5
cc1: warning: command line option "-fno-rtti" is valid for C++/ObjC++ but not for C
configure:9924: $? = 0
configure:9937: result: no
configure:9957: checking for gcc option to produce PIC
configure:10229: result: -fPIC -DPIC
configure:10241: checking if gcc PIC flag -fPIC -DPIC works
configure:10259: gcc -c -g -O0  -fPIC -DPIC -DPIC conftest.c >&5
configure:10263: $? = 0
configure:10276: result: yes
configure:10300: checking if gcc static flag -static works
configure:10328: result: yes
configure:10343: checking if gcc supports -c -o file.o
configure:10364: gcc -c -g -O0  -o out/conftest2.o conftest.c >&5
configure:10368: $? = 0
configure:10390: result: yes
configure:10398: checking if gcc supports -c -o file.o
configure:10445: result: yes
configure:10478: checking whether the gcc linker (/usr/bin/ld) supports shared libraries
configure:11468: result: yes
configure:11505: checking whether -lc should be explicitly linked in
configure:11510: gcc -c -g -O0  conftest.c >&5
configure:11513: $? = 0
configure:11528: gcc -shared conftest.o  -v -Wl,-soname -Wl,conftest -o conftest 2\>\&1 \| /bin/grep  -lc  \>/dev/null 2\>\&1
configure:11531: $? = 0
configure:11543: result: no
configure:11707: checking dynamic linker characteristics
configure:12140: gcc -o conftest -g -O0   -Wl,-rpath -Wl,/foo conftest.c  >&5
configure:12140: $? = 0
configure:12370: result: GNU/Linux ld.so
configure:12472: checking how to hardcode library paths into programs
configure:12497: result: immediate
configure:13017: checking whether stripping libraries is possible
configure:13022: result: yes
configure:13057: checking if libtool supports shared libraries
configure:13059: result: yes
configure:13062: checking whether to build shared libraries
configure:13083: result: yes
configure:13086: checking whether to build static libraries
configure:13090: result: yes
configure:13177: checking for pkg-config
configure:13195: found /usr/bin/pkg-config
configure:13207: result: /usr/bin/pkg-config
configure:13232: checking pkg-config is at least version 0.9.0
configure:13235: result: yes
configure:13246: checking for LCS
configure:13254: $PKG_CONFIG --exists --print-errors "gtk+-2.0 >= 2.16    "
configure:13257: $? = 0
configure:13272: $PKG_CONFIG --exists --print-errors "gtk+-2.0 >= 2.16    "
configure:13275: $? = 0
configure:13330: result: yes
configure:13474: creating ./config.status

## ---------------- ##
## Cache variables. ##
## ---------------- ##

ac_cv_build=i686-pc-linux-gnu
ac_cv_c_compiler_gnu=yes
ac_cv_env_CC_set=
ac_cv_env_CC_value=
ac_cv_env_CFLAGS_set=set
ac_cv_env_CFLAGS_value='-g -O0'
ac_cv_env_CPPFLAGS_set=
ac_cv_env_CPPFLAGS_value=
ac_cv_env_CPP_set=
ac_cv_env_CPP_value=
ac_cv_env_LCS_CFLAGS_set=
ac_cv_env_LCS_CFLAGS_value=
ac_cv_env_LCS_LIBS_set=
ac_cv_env_LCS_LIBS_value=
ac_cv_env_LDFLAGS_set=
ac_cv_env_LDFLAGS_value=
ac_cv_env_LIBS_set=
ac_cv_env_LIBS_value=
ac_cv_env_PKG_CONFIG_set=
ac_cv_env_PKG_CONFIG_value=
ac_cv_env_build_alias_set=
ac_cv_env_build_alias_value=
ac_cv_env_host_alias_set=
ac_cv_env_host_alias_value=
ac_cv_env_target_alias_set=
ac_cv_env_target_alias_value=
ac_cv_func_bind_textdomain_codeset=yes
ac_cv_func_dcgettext=yes
ac_cv_header_dlfcn_h=yes
ac_cv_header_inttypes_h=yes
ac_cv_header_libintl_h=yes
ac_cv_header_locale_h=yes
ac_cv_header_memory_h=yes
ac_cv_header_stdc=yes
ac_cv_header_stdint_h=yes
ac_cv_header_stdlib_h=yes
ac_cv_header_string_h=yes
ac_cv_header_strings_h=yes
ac_cv_header_sys_stat_h=yes
ac_cv_header_sys_types_h=yes
ac_cv_header_unistd_h=yes
ac_cv_host=i686-pc-linux-gnu
ac_cv_objext=o
ac_cv_path_EGREP='/bin/grep -E'
ac_cv_path_FGREP='/bin/grep -F'
ac_cv_path_GMSGFMT=/usr/bin/msgfmt
ac_cv_path_GREP=/bin/grep
ac_cv_path_INTLTOOL_EXTRACT=/usr/bin/intltool-extract
ac_cv_path_INTLTOOL_MERGE=/usr/bin/intltool-merge
ac_cv_path_INTLTOOL_PERL=/usr/bin/perl
ac_cv_path_INTLTOOL_UPDATE=/usr/bin/intltool-update
ac_cv_path_MSGFMT=/usr/bin/msgfmt
ac_cv_path_MSGMERGE=/usr/bin/msgmerge
ac_cv_path_SED=/bin/sed
ac_cv_path_XGETTEXT=/usr/bin/xgettext
ac_cv_path_ac_pt_PKG_CONFIG=/usr/bin/pkg-config
ac_cv_path_install='/usr/bin/install -c'
ac_cv_path_mkdir=/bin/mkdir
ac_cv_prog_AWK=mawk
ac_cv_prog_CPP='gcc -E'
ac_cv_prog_ac_ct_AR=ar
ac_cv_prog_ac_ct_CC=gcc
ac_cv_prog_ac_ct_OBJDUMP=objdump
ac_cv_prog_ac_ct_RANLIB=ranlib
ac_cv_prog_ac_ct_STRIP=strip
ac_cv_prog_cc_c89=
ac_cv_prog_cc_g=yes
ac_cv_prog_make_make_set=yes
ac_cv_search_strerror='none required'
am_cv_CC_dependencies_compiler_type=gcc3
am_cv_prog_cc_stdc=
am_cv_val_LC_MESSAGES=yes
gt_cv_func_dgettext_libc=yes
gt_cv_func_dgettext_libintl=no
gt_cv_func_ngettext_libc=yes
gt_cv_have_gettext=yes
lt_cv_deplibs_check_method=pass_all
lt_cv_file_magic_cmd='$MAGIC_CMD'
lt_cv_file_magic_test_file=
lt_cv_ld_reload_flag=-r
lt_cv_nm_interface='BSD nm'
lt_cv_objdir=.libs
lt_cv_path_LD=/usr/bin/ld
lt_cv_path_NM='/usr/bin/nm -B'
lt_cv_prog_compiler_c_o=yes
lt_cv_prog_compiler_pic_works=yes
lt_cv_prog_compiler_rtti_exceptions=no
lt_cv_prog_compiler_static_works=yes
lt_cv_prog_gnu_ld=yes
lt_cv_sys_global_symbol_pipe='sed -n -e '\''s/^.*[	 ]\([ABCDGIRSTW][ABCDGIRSTW]*\)[	 ][	 ]*\([_A-Za-z][_A-Za-z0-9]*\)$/\1 \2 \2/p'\'''
lt_cv_sys_global_symbol_to_c_name_address='sed -n -e '\''s/^: \([^ ]*\) $/  {\"\1\", (void *) 0},/p'\'' -e '\''s/^[ABCDGIRSTW]* \([^ ]*\) \([^ ]*\)$/  {"\2", (void *) \&\2},/p'\'''
lt_cv_sys_global_symbol_to_c_name_address_lib_prefix='sed -n -e '\''s/^: \([^ ]*\) $/  {\"\1\", (void *) 0},/p'\'' -e '\''s/^[ABCDGIRSTW]* \([^ ]*\) \(lib[^ ]*\)$/  {"\2", (void *) \&\2},/p'\'' -e '\''s/^[ABCDGIRSTW]* \([^ ]*\) \([^ ]*\)$/  {"lib\2", (void *) \&\2},/p'\'''
lt_cv_sys_global_symbol_to_cdecl='sed -n -e '\''s/^T .* \(.*\)$/extern int \1();/p'\'' -e '\''s/^[ABCDGIRSTW]* .* \(.*\)$/extern char \1;/p'\'''
lt_cv_sys_max_cmd_len=805306365
pkg_cv_LCS_CFLAGS='-D_REENTRANT -I/usr/include/gtk-2.0 -I/usr/lib/gtk-2.0/include -I/usr/include/atk-1.0 -I/usr/include/cairo -I/usr/include/pango-1.0 -I/usr/include/pixman-1 -I/usr/include/freetype2 -I/usr/include/directfb -I/usr/include/libpng12 -I/usr/include/glib-2.0 -I/usr/lib/glib-2.0/include  '
pkg_cv_LCS_LIBS='-lgtk-x11-2.0 -lgdk-x11-2.0 -latk-1.0 -lpangoft2-1.0 -lgdk_pixbuf-2.0 -lm -lpangocairo-1.0 -lgio-2.0 -lcairo -lpango-1.0 -lfreetype -lfontconfig -lgobject-2.0 -lgmodule-2.0 -lglib-2.0  '

## ----------------- ##
## Output variables. ##
## ----------------- ##

ACLOCAL='${SHELL} /home/akihiro/Documents/Bioinformatics/src/lcs_gui/missing --run aclocal-1.11'
ALL_LINGUAS=''
AMDEPBACKSLASH='\'
AMDEP_FALSE='#'
AMDEP_TRUE=''
AMTAR='${SHELL} /home/akihiro/Documents/Bioinformatics/src/lcs_gui/missing --run tar'
AR='ar'
AUTOCONF='${SHELL} /home/akihiro/Documents/Bioinformatics/src/lcs_gui/missing --run autoconf'
AUTOHEADER='${SHELL} /home/akihiro/Documents/Bioinformatics/src/lcs_gui/missing --run autoheader'
AUTOMAKE='${SHELL} /home/akihiro/Documents/Bioinformatics/src/lcs_gui/missing --run automake-1.11'
AWK='mawk'
CATALOGS=''
CATOBJEXT='.gmo'
CC='gcc'
CCDEPMODE='depmode=gcc3'
CFLAGS='-g -O0'
CPP='gcc -E'
CPPFLAGS=''
CYGPATH_W='echo'
DATADIRNAME='share'
DEFS='-DHAVE_CONFIG_H'
DEPDIR='.deps'
DSYMUTIL=''
DUMPBIN=''
ECHO_C=''
ECHO_N='-n'
ECHO_T=''
EGREP='/bin/grep -E'
EXEEXT=''
FGREP='/bin/grep -F'
GETTEXT_PACKAGE='lcs'
GMOFILES=''
GMSGFMT='/usr/bin/msgfmt'
GREP='/bin/grep'
INSTALL_DATA='${INSTALL} -m 644'
INSTALL_PROGRAM='${INSTALL}'
INSTALL_SCRIPT='${INSTALL}'
INSTALL_STRIP_PROGRAM='$(install_sh) -c -s'
INSTOBJEXT='.mo'
INTLLIBS=''
INTLTOOL_CAVES_RULE='%.caves:     %.caves.in     $(INTLTOOL_MERGE) $(wildcard $(top_srcdir)/po/*.po) ; LC_ALL=C $(INTLTOOL_MERGE) -d -u -c $(top_builddir)/po/.intltool-merge-cache $(top_srcdir)/po $< $@'
INTLTOOL_DESKTOP_RULE='%.desktop:   %.desktop.in   $(INTLTOOL_MERGE) $(wildcard $(top_srcdir)/po/*.po) ; LC_ALL=C $(INTLTOOL_MERGE) -d -u -c $(top_builddir)/po/.intltool-merge-cache $(top_srcdir)/po $< $@'
INTLTOOL_DIRECTORY_RULE='%.directory: %.directory.in $(INTLTOOL_MERGE) $(wildcard $(top_srcdir)/po/*.po) ; LC_ALL=C $(INTLTOOL_MERGE) -d -u -c $(top_builddir)/po/.intltool-merge-cache $(top_srcdir)/po $< $@'
INTLTOOL_EXTRACT='/usr/bin/intltool-extract'
INTLTOOL_KBD_RULE='%.kbd:       %.kbd.in       $(INTLTOOL_MERGE) $(wildcard $(top_srcdir)/po/*.po) ; LC_ALL=C $(INTLTOOL_MERGE) -x -u -m -c $(top_builddir)/po/.intltool-merge-cache $(top_srcdir)/po $< $@'
INTLTOOL_KEYS_RULE='%.keys:      %.keys.in      $(INTLTOOL_MERGE) $(wildcard $(top_srcdir)/po/*.po) ; LC_ALL=C $(INTLTOOL_MERGE) -k -u -c $(top_builddir)/po/.intltool-merge-cache $(top_srcdir)/po $< $@'
INTLTOOL_MERGE='/usr/bin/intltool-merge'
INTLTOOL_OAF_RULE='%.oaf:       %.oaf.in       $(INTLTOOL_MERGE) $(wildcard $(top_srcdir)/po/*.po) ; LC_ALL=C $(INTLTOOL_MERGE) -o -p $(top_srcdir)/po $< $@'
INTLTOOL_PERL='/usr/bin/perl'
INTLTOOL_POLICY_RULE='%.policy:    %.policy.in    $(INTLTOOL_MERGE) $(wildcard $(top_srcdir)/po/*.po) ; LC_ALL=C $(INTLTOOL_MERGE) -x -u -c $(top_builddir)/po/.intltool-merge-cache $(top_srcdir)/po $< $@'
INTLTOOL_PONG_RULE='%.pong:      %.pong.in      $(INTLTOOL_MERGE) $(wildcard $(top_srcdir)/po/*.po) ; LC_ALL=C $(INTLTOOL_MERGE) -x -u -c $(top_builddir)/po/.intltool-merge-cache $(top_srcdir)/po $< $@'
INTLTOOL_PROP_RULE='%.prop:      %.prop.in      $(INTLTOOL_MERGE) $(wildcard $(top_srcdir)/po/*.po) ; LC_ALL=C $(INTLTOOL_MERGE) -d -u -c $(top_builddir)/po/.intltool-merge-cache $(top_srcdir)/po $< $@'
INTLTOOL_SCHEMAS_RULE='%.schemas:   %.schemas.in   $(INTLTOOL_MERGE) $(wildcard $(top_srcdir)/po/*.po) ; LC_ALL=C $(INTLTOOL_MERGE) -s -u -c $(top_builddir)/po/.intltool-merge-cache $(top_srcdir)/po $< $@'
INTLTOOL_SERVER_RULE='%.server:    %.server.in    $(INTLTOOL_MERGE) $(wildcard $(top_srcdir)/po/*.po) ; LC_ALL=C $(INTLTOOL_MERGE) -o -u -c $(top_builddir)/po/.intltool-merge-cache $(top_srcdir)/po $< $@'
INTLTOOL_SERVICE_RULE='%.service: %.service.in   $(INTLTOOL_MERGE) $(wildcard $(top_srcdir)/po/*.po) ; LC_ALL=C $(INTLTOOL_MERGE) -d -u -c $(top_builddir)/po/.intltool-merge-cache $(top_srcdir)/po $< $@'
INTLTOOL_SHEET_RULE='%.sheet:     %.sheet.in     $(INTLTOOL_MERGE) $(wildcard $(top_srcdir)/po/*.po) ; LC_ALL=C $(INTLTOOL_MERGE) -x -u -c $(top_builddir)/po/.intltool-merge-cache $(top_srcdir)/po $< $@'
INTLTOOL_SOUNDLIST_RULE='%.soundlist: %.soundlist.in $(INTLTOOL_MERGE) $(wildcard $(top_srcdir)/po/*.po) ; LC_ALL=C $(INTLTOOL_MERGE) -d -u -c $(top_builddir)/po/.intltool-merge-cache $(top_srcdir)/po $< $@'
INTLTOOL_THEME_RULE='%.theme:     %.theme.in     $(INTLTOOL_MERGE) $(wildcard $(top_srcdir)/po/*.po) ; LC_ALL=C $(INTLTOOL_MERGE) -d -u -c $(top_builddir)/po/.intltool-merge-cache $(top_srcdir)/po $< $@'
INTLTOOL_UI_RULE='%.ui:        %.ui.in        $(INTLTOOL_MERGE) $(wildcard $(top_srcdir)/po/*.po) ; LC_ALL=C $(INTLTOOL_MERGE) -x -u -c $(top_builddir)/po/.intltool-merge-cache $(top_srcdir)/po $< $@'
INTLTOOL_UPDATE='/usr/bin/intltool-update'
INTLTOOL_XAM_RULE='%.xam:       %.xml.in       $(INTLTOOL_MERGE) $(wildcard $(top_srcdir)/po/*.po) ; LC_ALL=C $(INTLTOOL_MERGE) -x -u -c $(top_builddir)/po/.intltool-merge-cache $(top_srcdir)/po $< $@'
INTLTOOL_XML_NOMERGE_RULE='%.xml:       %.xml.in       $(INTLTOOL_MERGE) ; LC_ALL=C $(INTLTOOL_MERGE) -x -u /tmp $< $@'
INTLTOOL_XML_RULE='%.xml:       %.xml.in       $(INTLTOOL_MERGE) $(wildcard $(top_srcdir)/po/*.po) ; LC_ALL=C $(INTLTOOL_MERGE) -x -u -c $(top_builddir)/po/.intltool-merge-cache $(top_srcdir)/po $< $@'
LCS_CFLAGS='-D_REENTRANT -I/usr/include/gtk-2.0 -I/usr/lib/gtk-2.0/include -I/usr/include/atk-1.0 -I/usr/include/cairo -I/usr/include/pango-1.0 -I/usr/include/pixman-1 -I/usr/include/freetype2 -I/usr/include/directfb -I/usr/include/libpng12 -I/usr/include/glib-2.0 -I/usr/lib/glib-2.0/include  '
LCS_LIBS='-lgtk-x11-2.0 -lgdk-x11-2.0 -latk-1.0 -lpangoft2-1.0 -lgdk_pixbuf-2.0 -lm -lpangocairo-1.0 -lgio-2.0 -lcairo -lpango-1.0 -lfreetype -lfontconfig -lgobject-2.0 -lgmodule-2.0 -lglib-2.0  '
LD='/usr/bin/ld'
LDFLAGS=''
LIBOBJS=''
LIBS=''
LIBTOOL='$(SHELL) $(top_builddir)/libtool'
LIPO=''
LN_S='ln -s'
LTLIBOBJS=''
MAINT=''
MAINTAINER_MODE_FALSE='#'
MAINTAINER_MODE_TRUE=''
MAKEINFO='${SHELL} /home/akihiro/Documents/Bioinformatics/src/lcs_gui/missing --run makeinfo'
MKDIR_P='/bin/mkdir -p'
MKINSTALLDIRS='/home/akihiro/Documents/Bioinformatics/src/lcs_gui/mkinstalldirs'
MSGFMT='/usr/bin/msgfmt'
MSGFMT_OPTS='-c'
MSGMERGE='/usr/bin/msgmerge'
NM='/usr/bin/nm -B'
NMEDIT=''
OBJDUMP='objdump'
OBJEXT='o'
OTOOL64=''
OTOOL=''
PACKAGE='lcs'
PACKAGE_BUGREPORT=''
PACKAGE_NAME='lcs'
PACKAGE_STRING='lcs 0.1'
PACKAGE_TARNAME='lcs'
PACKAGE_URL=''
PACKAGE_VERSION='0.1'
PATH_SEPARATOR=':'
PKG_CONFIG='/usr/bin/pkg-config'
POFILES=''
POSUB='po'
PO_IN_DATADIR_FALSE=''
PO_IN_DATADIR_TRUE=''
RANLIB='ranlib'
SED='/bin/sed'
SET_MAKE=''
SHELL='/bin/bash'
STRIP='strip'
USE_NLS='yes'
VERSION='0.1'
XGETTEXT='/usr/bin/xgettext'
ac_ct_CC='gcc'
ac_ct_DUMPBIN=''
am__EXEEXT_FALSE=''
am__EXEEXT_TRUE='#'
am__fastdepCC_FALSE='#'
am__fastdepCC_TRUE=''
am__include='include'
am__isrc=' -I$(srcdir)'
am__leading_dot='.'
am__quote=''
am__tar='${AMTAR} chof - "$$tardir"'
am__untar='${AMTAR} xf -'
bindir='${exec_prefix}/bin'
build='i686-pc-linux-gnu'
build_alias=''
build_cpu='i686'
build_os='linux-gnu'
build_vendor='pc'
datadir='${datarootdir}'
datarootdir='${prefix}/share'
docdir='${datarootdir}/doc/${PACKAGE_TARNAME}'
dvidir='${docdir}'
exec_prefix='${prefix}'
host='i686-pc-linux-gnu'
host_alias=''
host_cpu='i686'
host_os='linux-gnu'
host_vendor='pc'
htmldir='${docdir}'
includedir='${prefix}/include'
infodir='${datarootdir}/info'
install_sh='${SHELL} /home/akihiro/Documents/Bioinformatics/src/lcs_gui/install-sh'
libdir='${exec_prefix}/lib'
libexecdir='${exec_prefix}/libexec'
localedir='${datarootdir}/locale'
localstatedir='${prefix}/var'
lt_ECHO='echo'
mandir='${datarootdir}/man'
mkdir_p='/bin/mkdir -p'
oldincludedir='/usr/include'
pdfdir='${docdir}'
prefix='/usr/local'
program_transform_name='s,x,x,'
psdir='${docdir}'
sbindir='${exec_prefix}/sbin'
sharedstatedir='${prefix}/com'
sysconfdir='${prefix}/etc'
target_alias=''

## ----------- ##
## confdefs.h. ##
## ----------- ##

/* confdefs.h */
#define PACKAGE_NAME "lcs"
#define PACKAGE_TARNAME "lcs"
#define PACKAGE_VERSION "0.1"
#define PACKAGE_STRING "lcs 0.1"
#define PACKAGE_BUGREPORT ""
#define PACKAGE_URL ""
#define PACKAGE "lcs"
#define VERSION "0.1"
#define STDC_HEADERS 1
#define GETTEXT_PACKAGE "lcs"
#define HAVE_SYS_TYPES_H 1
#define HAVE_SYS_STAT_H 1
#define HAVE_STDLIB_H 1
#define HAVE_STRING_H 1
#define HAVE_MEMORY_H 1
#define HAVE_STRINGS_H 1
#define HAVE_INTTYPES_H 1
#define HAVE_STDINT_H 1
#define HAVE_UNISTD_H 1
#define HAVE_LOCALE_H 1
#define HAVE_LC_MESSAGES 1
#define HAVE_BIND_TEXTDOMAIN_CODESET 1
#define HAVE_GETTEXT 1
#define HAVE_DCGETTEXT 1
#define ENABLE_NLS 1
#define HAVE_DLFCN_H 1
#define LT_OBJDIR ".libs/"

configure: exit 0

## ---------------------- ##
## Running config.status. ##
## ---------------------- ##

This file was extended by lcs config.status 0.1, which was
generated by GNU Autoconf 2.64.  Invocation command line was

  CONFIG_FILES    = 
  CONFIG_HEADERS  = 
  CONFIG_LINKS    = 
  CONFIG_COMMANDS = 
  $ ./config.status 

on tama

config.status:1138: creating Makefile
config.status:1138: creating src/Makefile
config.status:1138: creating po/Makefile.in
config.status:1138: creating man/Makefile
config.status:1138: creating config.h
config.status:1303: config.h is unchanged
config.status:1351: executing depfiles commands
config.status:1351: executing default-1 commands
config.status:1351: executing libtool commands
config.status:1351: executing po/stamp-it commands
