This file contains any messages produced by compilers while
running configure, to aid debugging if configure makes a mistake.

It was created by lcs configure 0.1, which was
generated by GNU Autoconf 2.68.  Invocation command line was

  $ /home/akihiro/Documents/Bioinformatics/src/lcs_gui/configure --enable-maintainer-mode --enable-maintainer-mode

## --------- ##
## Platform. ##
## --------- ##

hostname = tama
uname -m = i686
uname -r = 3.0.0-12-generic
uname -s = Linux
uname -v = #20-Ubuntu SMP Fri Oct 7 14:50:42 UTC 2011

/usr/bin/uname -p = unknown
/bin/uname -X     = unknown

/bin/arch              = unknown
/usr/bin/arch -k       = unknown
/usr/convex/getsysinfo = unknown
/usr/bin/hostinfo      = unknown
/bin/machine           = unknown
/usr/bin/oslevel       = unknown
/bin/universe          = unknown

PATH: /home/akihiro/bin
PATH: /usr/lib/lightdm/lightdm
PATH: /usr/local/sbin
PATH: /usr/local/bin
PATH: /usr/sbin
PATH: /usr/bin
PATH: /sbin
PATH: /bin
PATH: /usr/games


## ----------- ##
## Core tests. ##
## ----------- ##

configure:2289: checking for a BSD-compatible install
configure:2357: result: /usr/bin/install -c
configure:2368: checking whether build environment is sane
configure:2418: result: yes
configure:2559: checking for a thread-safe mkdir -p
configure:2598: result: /bin/mkdir -p
configure:2611: checking for gawk
configure:2641: result: no
configure:2611: checking for mawk
configure:2627: found /usr/bin/mawk
configure:2638: result: mawk
configure:2649: checking whether make sets $(MAKE)
configure:2671: result: yes
configure:2754: checking whether to enable maintainer-specific portions of Makefiles
configure:2763: result: yes
configure:2789: checking for style of include used by make
configure:2817: result: GNU
configure:2887: checking for gcc
configure:2903: found /usr/bin/gcc
configure:2914: result: gcc
configure:3143: checking for C compiler version
configure:3152: gcc --version >&5
gcc (Ubuntu/Linaro 4.6.1-9ubuntu3) 4.6.1
Copyright (C) 2011 Free Software Foundation, Inc.
This is free software; see the source for copying conditions.  There is NO
warranty; not even for MERCHANTABILITY or FITNESS FOR A PARTICULAR PURPOSE.

configure:3163: $? = 0
configure:3152: gcc -v >&5
Using built-in specs.
COLLECT_GCC=gcc
COLLECT_LTO_WRAPPER=/usr/lib/gcc/i686-linux-gnu/4.6.1/lto-wrapper
Target: i686-linux-gnu
Configured with: ../src/configure -v --with-pkgversion='Ubuntu/Linaro 4.6.1-9ubuntu3' --with-bugurl=file:///usr/share/doc/gcc-4.6/README.Bugs --enable-languages=c,c++,fortran,objc,obj-c++,go --prefix=/usr --program-suffix=-4.6 --enable-shared --enable-linker-build-id --with-system-zlib --libexecdir=/usr/lib --without-included-gettext --enable-threads=posix --with-gxx-include-dir=/usr/include/c++/4.6 --libdir=/usr/lib --enable-nls --with-sysroot=/ --enable-clocale=gnu --enable-libstdcxx-debug --enable-libstdcxx-time=yes --enable-plugin --enable-objc-gc --enable-targets=all --disable-werror --with-arch-32=i686 --with-tune=generic --enable-checking=release --build=i686-linux-gnu --host=i686-linux-gnu --target=i686-linux-gnu
Thread model: posix
gcc version 4.6.1 (Ubuntu/Linaro 4.6.1-9ubuntu3) 
configure:3163: $? = 0
configure:3152: gcc -V >&5
gcc: error: unrecognized option '-V'
gcc: fatal error: no input files
compilation terminated.
configure:3163: $? = 4
configure:3152: gcc -qversion >&5
gcc: error: unrecognized option '-qversion'
gcc: fatal error: no input files
compilation terminated.
configure:3163: $? = 4
configure:3183: checking whether the C compiler works
configure:3205: gcc    conftest.c  >&5
configure:3209: $? = 0
configure:3257: result: yes
configure:3260: checking for C compiler default output file name
configure:3262: result: a.out
configure:3268: checking for suffix of executables
configure:3275: gcc -o conftest    conftest.c  >&5
configure:3279: $? = 0
configure:3301: result: 
configure:3323: checking whether we are cross compiling
configure:3331: gcc -o conftest    conftest.c  >&5
configure:3335: $? = 0
configure:3342: ./conftest
configure:3346: $? = 0
configure:3361: result: no
configure:3366: checking for suffix of object files
configure:3388: gcc -c   conftest.c >&5
configure:3392: $? = 0
configure:3413: result: o
configure:3417: checking whether we are using the GNU C compiler
configure:3436: gcc -c   conftest.c >&5
configure:3436: $? = 0
configure:3445: result: yes
configure:3454: checking whether gcc accepts -g
configure:3474: gcc -c -g  conftest.c >&5
configure:3474: $? = 0
configure:3515: result: yes
configure:3532: checking for gcc option to accept ISO C89
configure:3596: gcc  -c -g -O2  conftest.c >&5
configure:3596: $? = 0
configure:3609: result: none needed
configure:3631: checking dependency style of gcc
configure:3741: result: gcc3
configure:3757: checking for library containing strerror
configure:3788: gcc -o conftest -g -O2   conftest.c  >&5
configure:3788: $? = 0
configure:3805: result: none required
configure:3861: checking for gcc
configure:3888: result: gcc
configure:4117: checking for C compiler version
configure:4126: gcc --version >&5
gcc (Ubuntu/Linaro 4.6.1-9ubuntu3) 4.6.1
Copyright (C) 2011 Free Software Foundation, Inc.
This is free software; see the source for copying conditions.  There is NO
warranty; not even for MERCHANTABILITY or FITNESS FOR A PARTICULAR PURPOSE.

configure:4137: $? = 0
configure:4126: gcc -v >&5
Using built-in specs.
COLLECT_GCC=gcc
COLLECT_LTO_WRAPPER=/usr/lib/gcc/i686-linux-gnu/4.6.1/lto-wrapper
Target: i686-linux-gnu
Configured with: ../src/configure -v --with-pkgversion='Ubuntu/Linaro 4.6.1-9ubuntu3' --with-bugurl=file:///usr/share/doc/gcc-4.6/README.Bugs --enable-languages=c,c++,fortran,objc,obj-c++,go --prefix=/usr --program-suffix=-4.6 --enable-shared --enable-linker-build-id --with-system-zlib --libexecdir=/usr/lib --without-included-gettext --enable-threads=posix --with-gxx-include-dir=/usr/include/c++/4.6 --libdir=/usr/lib --enable-nls --with-sysroot=/ --enable-clocale=gnu --enable-libstdcxx-debug --enable-libstdcxx-time=yes --enable-plugin --enable-objc-gc --enable-targets=all --disable-werror --with-arch-32=i686 --with-tune=generic --enable-checking=release --build=i686-linux-gnu --host=i686-linux-gnu --target=i686-linux-gnu
Thread model: posix
gcc version 4.6.1 (Ubuntu/Linaro 4.6.1-9ubuntu3) 
configure:4137: $? = 0
configure:4126: gcc -V >&5
gcc: error: unrecognized option '-V'
gcc: fatal error: no input files
compilation terminated.
configure:4137: $? = 4
configure:4126: gcc -qversion >&5
gcc: error: unrecognized option '-qversion'
gcc: fatal error: no input files
compilation terminated.
configure:4137: $? = 4
configure:4141: checking whether we are using the GNU C compiler
configure:4169: result: yes
configure:4178: checking whether gcc accepts -g
configure:4239: result: yes
configure:4256: checking for gcc option to accept ISO C89
configure:4333: result: none needed
configure:4355: checking dependency style of gcc
configure:4465: result: gcc3
configure:4528: checking for gcc
configure:4555: result: gcc
configure:4784: checking for C compiler version
configure:4793: gcc --version >&5
gcc (Ubuntu/Linaro 4.6.1-9ubuntu3) 4.6.1
Copyright (C) 2011 Free Software Foundation, Inc.
This is free software; see the source for copying conditions.  There is NO
warranty; not even for MERCHANTABILITY or FITNESS FOR A PARTICULAR PURPOSE.

configure:4804: $? = 0
configure:4793: gcc -v >&5
Using built-in specs.
COLLECT_GCC=gcc
COLLECT_LTO_WRAPPER=/usr/lib/gcc/i686-linux-gnu/4.6.1/lto-wrapper
Target: i686-linux-gnu
Configured with: ../src/configure -v --with-pkgversion='Ubuntu/Linaro 4.6.1-9ubuntu3' --with-bugurl=file:///usr/share/doc/gcc-4.6/README.Bugs --enable-languages=c,c++,fortran,objc,obj-c++,go --prefix=/usr --program-suffix=-4.6 --enable-shared --enable-linker-build-id --with-system-zlib --libexecdir=/usr/lib --without-included-gettext --enable-threads=posix --with-gxx-include-dir=/usr/include/c++/4.6 --libdir=/usr/lib --enable-nls --with-sysroot=/ --enable-clocale=gnu --enable-libstdcxx-debug --enable-libstdcxx-time=yes --enable-plugin --enable-objc-gc --enable-targets=all --disable-werror --with-arch-32=i686 --with-tune=generic --enable-checking=release --build=i686-linux-gnu --host=i686-linux-gnu --target=i686-linux-gnu
Thread model: posix
gcc version 4.6.1 (Ubuntu/Linaro 4.6.1-9ubuntu3) 
configure:4804: $? = 0
configure:4793: gcc -V >&5
gcc: error: unrecognized option '-V'
gcc: fatal error: no input files
compilation terminated.
configure:4804: $? = 4
configure:4793: gcc -qversion >&5
gcc: error: unrecognized option '-qversion'
gcc: fatal error: no input files
compilation terminated.
configure:4804: $? = 4
configure:4808: checking whether we are using the GNU C compiler
configure:4836: result: yes
configure:4845: checking whether gcc accepts -g
configure:4906: result: yes
configure:4923: checking for gcc option to accept ISO C89
configure:5000: result: none needed
configure:5022: checking dependency style of gcc
configure:5132: result: gcc3
configure:5155: checking how to run the C preprocessor
configure:5186: gcc -E  conftest.c
configure:5186: $? = 0
configure:5200: gcc -E  conftest.c
conftest.c:11:28: fatal error: ac_nonexistent.h: No such file or directory
compilation terminated.
configure:5200: $? = 1
configure: failed program was:
| /* confdefs.h */
| #define PACKAGE_NAME "lcs"
| #define PACKAGE_TARNAME "lcs"
| #define PACKAGE_VERSION "0.1"
| #define PACKAGE_STRING "lcs 0.1"
| #define PACKAGE_BUGREPORT "http://sites.google.com/site/kashiwagiakihiro/"
| #define PACKAGE_URL ""
| #define PACKAGE "lcs"
| #define VERSION "0.1"
| /* end confdefs.h.  */
| #include <ac_nonexistent.h>
configure:5225: result: gcc -E
configure:5245: gcc -E  conftest.c
configure:5245: $? = 0
configure:5259: gcc -E  conftest.c
conftest.c:11:28: fatal error: ac_nonexistent.h: No such file or directory
compilation terminated.
configure:5259: $? = 1
configure: failed program was:
| /* confdefs.h */
| #define PACKAGE_NAME "lcs"
| #define PACKAGE_TARNAME "lcs"
| #define PACKAGE_VERSION "0.1"
| #define PACKAGE_STRING "lcs 0.1"
| #define PACKAGE_BUGREPORT "http://sites.google.com/site/kashiwagiakihiro/"
| #define PACKAGE_URL ""
| #define PACKAGE "lcs"
| #define VERSION "0.1"
| /* end confdefs.h.  */
| #include <ac_nonexistent.h>
configure:5288: checking for grep that handles long lines and -e
configure:5346: result: /bin/grep
configure:5351: checking for egrep
configure:5413: result: /bin/grep -E
configure:5418: checking for ANSI C header files
configure:5438: gcc -c -g -O2  conftest.c >&5
configure:5438: $? = 0
configure:5511: gcc -o conftest -g -O2   conftest.c  >&5
configure:5511: $? = 0
configure:5511: ./conftest
configure:5511: $? = 0
configure:5522: result: yes
configure:5546: checking for sys/types.h
configure:5546: gcc -c -g -O2  conftest.c >&5
configure:5546: $? = 0
configure:5546: result: yes
configure:5546: checking for sys/stat.h
configure:5546: gcc -c -g -O2  conftest.c >&5
configure:5546: $? = 0
configure:5546: result: yes
configure:5546: checking for stdlib.h
configure:5546: gcc -c -g -O2  conftest.c >&5
configure:5546: $? = 0
configure:5546: result: yes
configure:5546: checking for string.h
configure:5546: gcc -c -g -O2  conftest.c >&5
configure:5546: $? = 0
configure:5546: result: yes
configure:5546: checking for memory.h
configure:5546: gcc -c -g -O2  conftest.c >&5
configure:5546: $? = 0
configure:5546: result: yes
configure:5546: checking for strings.h
configure:5546: gcc -c -g -O2  conftest.c >&5
configure:5546: $? = 0
configure:5546: result: yes
configure:5546: checking for inttypes.h
configure:5546: gcc -c -g -O2  conftest.c >&5
configure:5546: $? = 0
configure:5546: result: yes
configure:5546: checking for stdint.h
configure:5546: gcc -c -g -O2  conftest.c >&5
configure:5546: $? = 0
configure:5546: result: yes
configure:5546: checking for unistd.h
configure:5546: gcc -c -g -O2  conftest.c >&5
configure:5546: $? = 0
configure:5546: result: yes
configure:5561: checking locale.h usability
configure:5561: gcc -c -g -O2  conftest.c >&5
configure:5561: $? = 0
configure:5561: result: yes
configure:5561: checking locale.h presence
configure:5561: gcc -E  conftest.c
configure:5561: $? = 0
configure:5561: result: yes
configure:5561: checking for locale.h
configure:5561: result: yes
configure:5572: checking for LC_MESSAGES
configure:5588: gcc -o conftest -g -O2   conftest.c  >&5
configure:5588: $? = 0
configure:5596: result: yes
configure:5613: checking libintl.h usability
configure:5613: gcc -c -g -O2  conftest.c >&5
configure:5613: $? = 0
configure:5613: result: yes
configure:5613: checking libintl.h presence
configure:5613: gcc -E  conftest.c
configure:5613: $? = 0
configure:5613: result: yes
configure:5613: checking for libintl.h
configure:5613: result: yes
configure:5621: checking for ngettext in libc
configure:5639: gcc -o conftest -g -O2   conftest.c  >&5
configure:5639: $? = 0
configure:5648: result: yes
configure:5652: checking for dgettext in libc
configure:5670: gcc -o conftest -g -O2   conftest.c  >&5
configure:5670: $? = 0
configure:5679: result: yes
configure:5686: checking for bind_textdomain_codeset
configure:5686: gcc -o conftest -g -O2   conftest.c  >&5
configure:5686: $? = 0
configure:5686: result: yes
configure:5962: checking for msgfmt
configure:5989: result: /usr/bin/msgfmt
configure:6000: checking for dcgettext
configure:6000: gcc -o conftest -g -O2   conftest.c   >&5
conftest.c:49:6: warning: conflicting types for built-in function 'dcgettext' [enabled by default]
configure:6000: $? = 0
configure:6000: result: yes
configure:6010: checking if msgfmt accepts -c
configure:6025: $MSGFMT -c -o /dev/null conftest.foo
configure:6028: $? = 0
configure:6030: result: yes
configure:6040: checking for gmsgfmt
configure:6071: result: /usr/bin/msgfmt
configure:6081: checking for xgettext
configure:6108: result: /usr/bin/xgettext
configure:6127: gcc -o conftest -g -O2   conftest.c   >&5
configure:6127: $? = 0
configure:6263: checking whether NLS is requested
configure:6272: result: yes
configure:6287: checking for intltool >= 0.35.0
configure:6294: result: 0.41.1 found
configure:6302: checking for intltool-update
configure:6320: found /usr/bin/intltool-update
configure:6332: result: /usr/bin/intltool-update
configure:6342: checking for intltool-merge
configure:6360: found /usr/bin/intltool-merge
configure:6372: result: /usr/bin/intltool-merge
configure:6382: checking for intltool-extract
configure:6400: found /usr/bin/intltool-extract
configure:6412: result: /usr/bin/intltool-extract
configure:6543: checking for xgettext
configure:6573: result: /usr/bin/xgettext
configure:6583: checking for msgmerge
configure:6601: found /usr/bin/msgmerge
configure:6613: result: /usr/bin/msgmerge
configure:6623: checking for msgfmt
configure:6653: result: /usr/bin/msgfmt
configure:6663: checking for gmsgfmt
configure:6694: result: /usr/bin/msgfmt
configure:6714: checking for perl
configure:6732: found /usr/bin/perl
configure:6744: result: /usr/bin/perl
configure:6755: checking for perl >= 5.8.1
configure:6762: result: 5.12.4
configure:6766: checking for XML::Parser
configure:6769: result: ok
configure:6852: checking build system type
configure:6866: result: i686-pc-linux-gnu
configure:6886: checking host system type
configure:6899: result: i686-pc-linux-gnu
configure:6940: checking how to print strings
configure:6967: result: printf
configure:6988: checking for a sed that does not truncate output
configure:7052: result: /bin/sed
configure:7070: checking for fgrep
configure:7132: result: /bin/grep -F
configure:7167: checking for ld used by gcc
configure:7234: result: /usr/bin/ld
configure:7241: checking if the linker (/usr/bin/ld) is GNU ld
configure:7256: result: yes
configure:7268: checking for BSD- or MS-compatible name lister (nm)
configure:7317: result: /usr/bin/nm -B
configure:7447: checking the name lister (/usr/bin/nm -B) interface
configure:7454: gcc -c -g -O2  conftest.c >&5
configure:7457: /usr/bin/nm -B "conftest.o"
configure:7460: output
00000000 B some_variable
configure:7467: result: BSD nm
configure:7470: checking whether ln -s works
configure:7474: result: yes
configure:7482: checking the maximum length of command line arguments
configure:7607: result: 1572864
configure:7624: checking whether the shell understands some XSI constructs
configure:7634: result: yes
configure:7638: checking whether the shell understands "+="
configure:7644: result: yes
configure:7679: checking how to convert i686-pc-linux-gnu file names to i686-pc-linux-gnu format
configure:7719: result: func_convert_file_noop
configure:7726: checking how to convert i686-pc-linux-gnu file names to toolchain format
configure:7746: result: func_convert_file_noop
configure:7753: checking for /usr/bin/ld option to reload object files
configure:7760: result: -r
configure:7834: checking for objdump
configure:7850: found /usr/bin/objdump
configure:7861: result: objdump
configure:7893: checking how to recognize dependent libraries
configure:8095: result: pass_all
configure:8180: checking for dlltool
configure:8210: result: no
configure:8240: checking how to associate runtime and link libraries
configure:8267: result: printf %s\n
configure:8327: checking for ar
configure:8343: found /usr/bin/ar
configure:8354: result: ar
configure:8391: checking for archiver @FILE support
configure:8408: gcc -c -g -O2  conftest.c >&5
configure:8408: $? = 0
configure:8411: ar cru libconftest.a @conftest.lst >&5
configure:8414: $? = 0
configure:8419: ar cru libconftest.a @conftest.lst >&5
ar: conftest.o: No such file or directory
configure:8422: $? = 1
configure:8434: result: @
configure:8492: checking for strip
configure:8508: found /usr/bin/strip
configure:8519: result: strip
configure:8591: checking for ranlib
configure:8607: found /usr/bin/ranlib
configure:8618: result: ranlib
configure:8720: checking command to parse /usr/bin/nm -B output from gcc object
configure:8839: gcc -c -g -O2  conftest.c >&5
configure:8842: $? = 0
configure:8846: /usr/bin/nm -B conftest.o \| sed -n -e 's/^.*[ ]\([ABCDGIRSTW][ABCDGIRSTW]*\)[ ][ ]*\([_A-Za-z][_A-Za-z0-9]*\)$/\1 \2 \2/p' | sed '/ __gnu_lto/d' \> conftest.nm
configure:8849: $? = 0
configure:8915: gcc -o conftest -g -O2   conftest.c conftstm.o >&5
configure:8918: $? = 0
configure:8956: result: ok
configure:8993: checking for sysroot
configure:9023: result: no
configure:9266: checking for mt
configure:9282: found /bin/mt
configure:9293: result: mt
configure:9316: checking if mt is a manifest tool
configure:9322: mt '-?'
configure:9330: result: no
configure:9959: checking for dlfcn.h
configure:9959: gcc -c -g -O2  conftest.c >&5
configure:9959: $? = 0
configure:9959: result: yes
configure:10146: checking for objdir
configure:10161: result: .libs
configure:10428: checking if gcc supports -fno-rtti -fno-exceptions
configure:10446: gcc -c -g -O2  -fno-rtti -fno-exceptions conftest.c >&5
cc1: warning: command line option '-fno-rtti' is valid for C++/ObjC++ but not for C [enabled by default]
configure:10450: $? = 0
configure:10463: result: no
configure:10773: checking for gcc option to produce PIC
configure:10780: result: -fPIC -DPIC
configure:10788: checking if gcc PIC flag -fPIC -DPIC works
configure:10806: gcc -c -g -O2  -fPIC -DPIC -DPIC conftest.c >&5
configure:10810: $? = 0
configure:10823: result: yes
configure:10852: checking if gcc static flag -static works
configure:10880: result: yes
configure:10895: checking if gcc supports -c -o file.o
configure:10916: gcc -c -g -O2  -o out/conftest2.o conftest.c >&5
configure:10920: $? = 0
configure:10942: result: yes
configure:10950: checking if gcc supports -c -o file.o
configure:10997: result: yes
configure:11030: checking whether the gcc linker (/usr/bin/ld) supports shared libraries
configure:12192: result: yes
configure:12229: checking whether -lc should be explicitly linked in
configure:12237: gcc -c -g -O2  conftest.c >&5
configure:12240: $? = 0
configure:12255: gcc -shared  -fPIC -DPIC conftest.o  -v -Wl,-soname -Wl,conftest -o conftest 2\>\&1 \| /bin/grep  -lc  \>/dev/null 2\>\&1
configure:12258: $? = 0
configure:12272: result: no
configure:12437: checking dynamic linker characteristics
configure:12952: gcc -o conftest -g -O2   -Wl,-rpath -Wl,/foo conftest.c  >&5
configure:12952: $? = 0
configure:13186: result: GNU/Linux ld.so
configure:13293: checking how to hardcode library paths into programs
configure:13318: result: immediate
configure:13858: checking whether stripping libraries is possible
configure:13863: result: yes
configure:13898: checking if libtool supports shared libraries
configure:13900: result: yes
configure:13903: checking whether to build shared libraries
configure:13924: result: yes
configure:13927: checking whether to build static libraries
configure:13931: result: yes
configure:14023: checking for pkg-config
configure:14041: found /usr/bin/pkg-config
configure:14053: result: /usr/bin/pkg-config
configure:14078: checking pkg-config is at least version 0.9.0
configure:14081: result: yes
configure:14091: checking for LCS
configure:14098: $PKG_CONFIG --exists --print-errors "gtk+-2.0 >= 2.16    "
configure:14101: $? = 0
configure:14115: $PKG_CONFIG --exists --print-errors "gtk+-2.0 >= 2.16    "
configure:14118: $? = 0
configure:14176: result: yes
configure:14332: creating ./config.status

## ---------------------- ##
## Running config.status. ##
## ---------------------- ##

This file was extended by lcs config.status 0.1, which was
generated by GNU Autoconf 2.68.  Invocation command line was

  CONFIG_FILES    = 
  CONFIG_HEADERS  = 
  CONFIG_LINKS    = 
  CONFIG_COMMANDS = 
  $ ./config.status 

on tama

config.status:1170: creating Makefile
config.status:1170: creating src/Makefile
config.status:1170: creating po/Makefile.in
config.status:1170: creating man/Makefile
config.status:1170: creating config.h
config.status:1399: executing depfiles commands
config.status:1399: executing default-1 commands
config.status:1399: executing libtool commands
config.status:1399: executing po/stamp-it commands

## ---------------- ##
## Cache variables. ##
## ---------------- ##

ac_cv_build=i686-pc-linux-gnu
ac_cv_c_compiler_gnu=yes
ac_cv_env_CC_set=
ac_cv_env_CC_value=
ac_cv_env_CFLAGS_set=
ac_cv_env_CFLAGS_value=
ac_cv_env_CPPFLAGS_set=
ac_cv_env_CPPFLAGS_value=
ac_cv_env_CPP_set=
ac_cv_env_CPP_value=
ac_cv_env_LCS_CFLAGS_set=
ac_cv_env_LCS_CFLAGS_value=
ac_cv_env_LCS_LIBS_set=
ac_cv_env_LCS_LIBS_value=
ac_cv_env_LDFLAGS_set=
ac_cv_env_LDFLAGS_value=
ac_cv_env_LIBS_set=
ac_cv_env_LIBS_value=
ac_cv_env_PKG_CONFIG_LIBDIR_set=
ac_cv_env_PKG_CONFIG_LIBDIR_value=
ac_cv_env_PKG_CONFIG_PATH_set=
ac_cv_env_PKG_CONFIG_PATH_value=
ac_cv_env_PKG_CONFIG_set=
ac_cv_env_PKG_CONFIG_value=
ac_cv_env_build_alias_set=
ac_cv_env_build_alias_value=
ac_cv_env_host_alias_set=
ac_cv_env_host_alias_value=
ac_cv_env_target_alias_set=
ac_cv_env_target_alias_value=
ac_cv_func_bind_textdomain_codeset=yes
ac_cv_func_dcgettext=yes
ac_cv_header_dlfcn_h=yes
ac_cv_header_inttypes_h=yes
ac_cv_header_libintl_h=yes
ac_cv_header_locale_h=yes
ac_cv_header_memory_h=yes
ac_cv_header_stdc=yes
ac_cv_header_stdint_h=yes
ac_cv_header_stdlib_h=yes
ac_cv_header_string_h=yes
ac_cv_header_strings_h=yes
ac_cv_header_sys_stat_h=yes
ac_cv_header_sys_types_h=yes
ac_cv_header_unistd_h=yes
ac_cv_host=i686-pc-linux-gnu
ac_cv_objext=o
ac_cv_path_EGREP='/bin/grep -E'
ac_cv_path_FGREP='/bin/grep -F'
ac_cv_path_GMSGFMT=/usr/bin/msgfmt
ac_cv_path_GREP=/bin/grep
ac_cv_path_INTLTOOL_EXTRACT=/usr/bin/intltool-extract
ac_cv_path_INTLTOOL_MERGE=/usr/bin/intltool-merge
ac_cv_path_INTLTOOL_PERL=/usr/bin/perl
ac_cv_path_INTLTOOL_UPDATE=/usr/bin/intltool-update
ac_cv_path_MSGFMT=/usr/bin/msgfmt
ac_cv_path_MSGMERGE=/usr/bin/msgmerge
ac_cv_path_SED=/bin/sed
ac_cv_path_XGETTEXT=/usr/bin/xgettext
ac_cv_path_ac_pt_PKG_CONFIG=/usr/bin/pkg-config
ac_cv_path_install='/usr/bin/install -c'
ac_cv_path_mkdir=/bin/mkdir
ac_cv_prog_AWK=mawk
ac_cv_prog_CPP='gcc -E'
ac_cv_prog_ac_ct_AR=ar
ac_cv_prog_ac_ct_CC=gcc
ac_cv_prog_ac_ct_MANIFEST_TOOL=mt
ac_cv_prog_ac_ct_OBJDUMP=objdump
ac_cv_prog_ac_ct_RANLIB=ranlib
ac_cv_prog_ac_ct_STRIP=strip
ac_cv_prog_cc_c89=
ac_cv_prog_cc_g=yes
ac_cv_prog_make_make_set=yes
ac_cv_search_strerror='none required'
am_cv_CC_dependencies_compiler_type=gcc3
am_cv_prog_cc_stdc=
am_cv_val_LC_MESSAGES=yes
gt_cv_func_dgettext_libc=yes
gt_cv_func_dgettext_libintl=no
gt_cv_func_ngettext_libc=yes
gt_cv_have_gettext=yes
lt_cv_ar_at_file=@
lt_cv_archive_cmds_need_lc=no
lt_cv_deplibs_check_method=pass_all
lt_cv_file_magic_cmd='$MAGIC_CMD'
lt_cv_file_magic_test_file=
lt_cv_ld_reload_flag=-r
lt_cv_nm_interface='BSD nm'
lt_cv_objdir=.libs
lt_cv_path_LD=/usr/bin/ld
lt_cv_path_NM='/usr/bin/nm -B'
lt_cv_path_mainfest_tool=no
lt_cv_prog_compiler_c_o=yes
lt_cv_prog_compiler_pic='-fPIC -DPIC'
lt_cv_prog_compiler_pic_works=yes
lt_cv_prog_compiler_rtti_exceptions=no
lt_cv_prog_compiler_static_works=yes
lt_cv_prog_gnu_ld=yes
lt_cv_sharedlib_from_linklib_cmd='printf %s\n'
lt_cv_shlibpath_overrides_runpath=no
lt_cv_sys_global_symbol_pipe='sed -n -e '\''s/^.*[	 ]\([ABCDGIRSTW][ABCDGIRSTW]*\)[	 ][	 ]*\([_A-Za-z][_A-Za-z0-9]*\)$/\1 \2 \2/p'\'' | sed '\''/ __gnu_lto/d'\'''
lt_cv_sys_global_symbol_to_c_name_address='sed -n -e '\''s/^: \([^ ]*\)[ ]*$/  {\"\1\", (void *) 0},/p'\'' -e '\''s/^[ABCDGIRSTW]* \([^ ]*\) \([^ ]*\)$/  {"\2", (void *) \&\2},/p'\'''
lt_cv_sys_global_symbol_to_c_name_address_lib_prefix='sed -n -e '\''s/^: \([^ ]*\)[ ]*$/  {\"\1\", (void *) 0},/p'\'' -e '\''s/^[ABCDGIRSTW]* \([^ ]*\) \(lib[^ ]*\)$/  {"\2", (void *) \&\2},/p'\'' -e '\''s/^[ABCDGIRSTW]* \([^ ]*\) \([^ ]*\)$/  {"lib\2", (void *) \&\2},/p'\'''
lt_cv_sys_global_symbol_to_cdecl='sed -n -e '\''s/^T .* \(.*\)$/extern int \1();/p'\'' -e '\''s/^[ABCDGIRSTW]* .* \(.*\)$/extern char \1;/p'\'''
lt_cv_sys_max_cmd_len=1572864
lt_cv_to_host_file_cmd=func_convert_file_noop
lt_cv_to_tool_file_cmd=func_convert_file_noop
pkg_cv_LCS_CFLAGS='-pthread -I/usr/include/gtk-2.0 -I/usr/lib/i386-linux-gnu/gtk-2.0/include -I/usr/include/atk-1.0 -I/usr/include/cairo -I/usr/include/gdk-pixbuf-2.0 -I/usr/include/pango-1.0 -I/usr/include/gio-unix-2.0/ -I/usr/include/glib-2.0 -I/usr/lib/i386-linux-gnu/glib-2.0/include -I/usr/include/pixman-1 -I/usr/include/freetype2 -I/usr/include/libpng12  '
pkg_cv_LCS_LIBS='-pthread -lgtk-x11-2.0 -lgdk-x11-2.0 -latk-1.0 -lgio-2.0 -lpangoft2-1.0 -lpangocairo-1.0 -lgdk_pixbuf-2.0 -lcairo -lpango-1.0 -lfreetype -lfontconfig -lgobject-2.0 -lgmodule-2.0 -lgthread-2.0 -lrt -lglib-2.0  '

## ----------------- ##
## Output variables. ##
## ----------------- ##

ACLOCAL='${SHELL} /home/akihiro/Documents/Bioinformatics/src/lcs_gui/missing --run aclocal-1.11'
ALL_LINGUAS=''
AMDEPBACKSLASH='\'
AMDEP_FALSE='#'
AMDEP_TRUE=''
AMTAR='${SHELL} /home/akihiro/Documents/Bioinformatics/src/lcs_gui/missing --run tar'
AR='ar'
AUTOCONF='${SHELL} /home/akihiro/Documents/Bioinformatics/src/lcs_gui/missing --run autoconf'
AUTOHEADER='${SHELL} /home/akihiro/Documents/Bioinformatics/src/lcs_gui/missing --run autoheader'
AUTOMAKE='${SHELL} /home/akihiro/Documents/Bioinformatics/src/lcs_gui/missing --run automake-1.11'
AWK='mawk'
CATALOGS=''
CATOBJEXT='.gmo'
CC='gcc'
CCDEPMODE='depmode=gcc3'
CFLAGS='-g -O2'
CPP='gcc -E'
CPPFLAGS=''
CYGPATH_W='echo'
DATADIRNAME='share'
DEFS='-DHAVE_CONFIG_H'
DEPDIR='.deps'
DLLTOOL='false'
DSYMUTIL=''
DUMPBIN=''
ECHO_C=''
ECHO_N='-n'
ECHO_T=''
EGREP='/bin/grep -E'
EXEEXT=''
FGREP='/bin/grep -F'
GETTEXT_PACKAGE='lcs'
GMOFILES=''
GMSGFMT='/usr/bin/msgfmt'
GREP='/bin/grep'
INSTALL_DATA='${INSTALL} -m 644'
INSTALL_PROGRAM='${INSTALL}'
INSTALL_SCRIPT='${INSTALL}'
INSTALL_STRIP_PROGRAM='$(install_sh) -c -s'
INSTOBJEXT='.mo'
INTLLIBS=''
INTLTOOL_CAVES_RULE='%.caves:     %.caves.in     $(INTLTOOL_MERGE) $(wildcard $(top_srcdir)/po/*.po) ; LC_ALL=C $(INTLTOOL_MERGE) -d -u -c $(top_builddir)/po/.intltool-merge-cache $(top_srcdir)/po $< $@'
INTLTOOL_DESKTOP_RULE='%.desktop:   %.desktop.in   $(INTLTOOL_MERGE) $(wildcard $(top_srcdir)/po/*.po) ; LC_ALL=C $(INTLTOOL_MERGE) -d -u -c $(top_builddir)/po/.intltool-merge-cache $(top_srcdir)/po $< $@'
INTLTOOL_DIRECTORY_RULE='%.directory: %.directory.in $(INTLTOOL_MERGE) $(wildcard $(top_srcdir)/po/*.po) ; LC_ALL=C $(INTLTOOL_MERGE) -d -u -c $(top_builddir)/po/.intltool-merge-cache $(top_srcdir)/po $< $@'
INTLTOOL_EXTRACT='/usr/bin/intltool-extract'
INTLTOOL_KBD_RULE='%.kbd:       %.kbd.in       $(INTLTOOL_MERGE) $(wildcard $(top_srcdir)/po/*.po) ; LC_ALL=C $(INTLTOOL_MERGE) -x -u -m -c $(top_builddir)/po/.intltool-merge-cache $(top_srcdir)/po $< $@'
INTLTOOL_KEYS_RULE='%.keys:      %.keys.in      $(INTLTOOL_MERGE) $(wildcard $(top_srcdir)/po/*.po) ; LC_ALL=C $(INTLTOOL_MERGE) -k -u -c $(top_builddir)/po/.intltool-merge-cache $(top_srcdir)/po $< $@'
INTLTOOL_MERGE='/usr/bin/intltool-merge'
INTLTOOL_OAF_RULE='%.oaf:       %.oaf.in       $(INTLTOOL_MERGE) $(wildcard $(top_srcdir)/po/*.po) ; LC_ALL=C $(INTLTOOL_MERGE) -o -p $(top_srcdir)/po $< $@'
INTLTOOL_PERL='/usr/bin/perl'
INTLTOOL_POLICY_RULE='%.policy:    %.policy.in    $(INTLTOOL_MERGE) $(wildcard $(top_srcdir)/po/*.po) ; LC_ALL=C $(INTLTOOL_MERGE) -x -u -c $(top_builddir)/po/.intltool-merge-cache $(top_srcdir)/po $< $@'
INTLTOOL_PONG_RULE='%.pong:      %.pong.in      $(INTLTOOL_MERGE) $(wildcard $(top_srcdir)/po/*.po) ; LC_ALL=C $(INTLTOOL_MERGE) -x -u -c $(top_builddir)/po/.intltool-merge-cache $(top_srcdir)/po $< $@'
INTLTOOL_PROP_RULE='%.prop:      %.prop.in      $(INTLTOOL_MERGE) $(wildcard $(top_srcdir)/po/*.po) ; LC_ALL=C $(INTLTOOL_MERGE) -d -u -c $(top_builddir)/po/.intltool-merge-cache $(top_srcdir)/po $< $@'
INTLTOOL_SCHEMAS_RULE='%.schemas:   %.schemas.in   $(INTLTOOL_MERGE) $(wildcard $(top_srcdir)/po/*.po) ; LC_ALL=C $(INTLTOOL_MERGE) -s -u -c $(top_builddir)/po/.intltool-merge-cache $(top_srcdir)/po $< $@'
INTLTOOL_SERVER_RULE='%.server:    %.server.in    $(INTLTOOL_MERGE) $(wildcard $(top_srcdir)/po/*.po) ; LC_ALL=C $(INTLTOOL_MERGE) -o -u -c $(top_builddir)/po/.intltool-merge-cache $(top_srcdir)/po $< $@'
INTLTOOL_SERVICE_RULE='%.service: %.service.in   $(INTLTOOL_MERGE) $(wildcard $(top_srcdir)/po/*.po) ; LC_ALL=C $(INTLTOOL_MERGE) -d -u -c $(top_builddir)/po/.intltool-merge-cache $(top_srcdir)/po $< $@'
INTLTOOL_SHEET_RULE='%.sheet:     %.sheet.in     $(INTLTOOL_MERGE) $(wildcard $(top_srcdir)/po/*.po) ; LC_ALL=C $(INTLTOOL_MERGE) -x -u -c $(top_builddir)/po/.intltool-merge-cache $(top_srcdir)/po $< $@'
INTLTOOL_SOUNDLIST_RULE='%.soundlist: %.soundlist.in $(INTLTOOL_MERGE) $(wildcard $(top_srcdir)/po/*.po) ; LC_ALL=C $(INTLTOOL_MERGE) -d -u -c $(top_builddir)/po/.intltool-merge-cache $(top_srcdir)/po $< $@'
INTLTOOL_THEME_RULE='%.theme:     %.theme.in     $(INTLTOOL_MERGE) $(wildcard $(top_srcdir)/po/*.po) ; LC_ALL=C $(INTLTOOL_MERGE) -d -u -c $(top_builddir)/po/.intltool-merge-cache $(top_srcdir)/po $< $@'
INTLTOOL_UI_RULE='%.ui:        %.ui.in        $(INTLTOOL_MERGE) $(wildcard $(top_srcdir)/po/*.po) ; LC_ALL=C $(INTLTOOL_MERGE) -x -u -c $(top_builddir)/po/.intltool-merge-cache $(top_srcdir)/po $< $@'
INTLTOOL_UPDATE='/usr/bin/intltool-update'
INTLTOOL_XAM_RULE='%.xam:       %.xml.in       $(INTLTOOL_MERGE) $(wildcard $(top_srcdir)/po/*.po) ; LC_ALL=C $(INTLTOOL_MERGE) -x -u -c $(top_builddir)/po/.intltool-merge-cache $(top_srcdir)/po $< $@'
INTLTOOL_XML_NOMERGE_RULE='%.xml:       %.xml.in       $(INTLTOOL_MERGE) ; LC_ALL=C $(INTLTOOL_MERGE) -x -u /tmp $< $@'
INTLTOOL_XML_RULE='%.xml:       %.xml.in       $(INTLTOOL_MERGE) $(wildcard $(top_srcdir)/po/*.po) ; LC_ALL=C $(INTLTOOL_MERGE) -x -u -c $(top_builddir)/po/.intltool-merge-cache $(top_srcdir)/po $< $@'
LCS_CFLAGS='-pthread -I/usr/include/gtk-2.0 -I/usr/lib/i386-linux-gnu/gtk-2.0/include -I/usr/include/atk-1.0 -I/usr/include/cairo -I/usr/include/gdk-pixbuf-2.0 -I/usr/include/pango-1.0 -I/usr/include/gio-unix-2.0/ -I/usr/include/glib-2.0 -I/usr/lib/i386-linux-gnu/glib-2.0/include -I/usr/include/pixman-1 -I/usr/include/freetype2 -I/usr/include/libpng12  '
LCS_LIBS='-pthread -lgtk-x11-2.0 -lgdk-x11-2.0 -latk-1.0 -lgio-2.0 -lpangoft2-1.0 -lpangocairo-1.0 -lgdk_pixbuf-2.0 -lcairo -lpango-1.0 -lfreetype -lfontconfig -lgobject-2.0 -lgmodule-2.0 -lgthread-2.0 -lrt -lglib-2.0  '
LD='/usr/bin/ld'
LDFLAGS=''
LIBOBJS=''
LIBS=''
LIBTOOL='$(SHELL) $(top_builddir)/libtool'
LIPO=''
LN_S='ln -s'
LTLIBOBJS=''
MAINT=''
MAINTAINER_MODE_FALSE='#'
MAINTAINER_MODE_TRUE=''
MAKEINFO='${SHELL} /home/akihiro/Documents/Bioinformatics/src/lcs_gui/missing --run makeinfo'
MANIFEST_TOOL=':'
MKDIR_P='/bin/mkdir -p'
MKINSTALLDIRS='./mkinstalldirs'
MSGFMT='/usr/bin/msgfmt'
MSGFMT_OPTS='-c'
MSGMERGE='/usr/bin/msgmerge'
NM='/usr/bin/nm -B'
NMEDIT=''
OBJDUMP='objdump'
OBJEXT='o'
OTOOL64=''
OTOOL=''
PACKAGE='lcs'
PACKAGE_BUGREPORT='http://sites.google.com/site/kashiwagiakihiro/'
PACKAGE_NAME='lcs'
PACKAGE_STRING='lcs 0.1'
PACKAGE_TARNAME='lcs'
PACKAGE_URL=''
PACKAGE_VERSION='0.1'
PATH_SEPARATOR=':'
PKG_CONFIG='/usr/bin/pkg-config'
PKG_CONFIG_LIBDIR=''
PKG_CONFIG_PATH=''
POFILES=''
POSUB='po'
PO_IN_DATADIR_FALSE=''
PO_IN_DATADIR_TRUE=''
RANLIB='ranlib'
SED='/bin/sed'
SET_MAKE=''
SHELL='/bin/bash'
STRIP='strip'
USE_NLS='yes'
VERSION='0.1'
XGETTEXT='/usr/bin/xgettext'
ac_ct_AR='ar'
ac_ct_CC='gcc'
ac_ct_DUMPBIN=''
am__EXEEXT_FALSE=''
am__EXEEXT_TRUE='#'
am__fastdepCC_FALSE='#'
am__fastdepCC_TRUE=''
am__include='include'
am__isrc=''
am__leading_dot='.'
am__quote=''
am__tar='${AMTAR} chof - "$$tardir"'
am__untar='${AMTAR} xf -'
bindir='${exec_prefix}/bin'
build='i686-pc-linux-gnu'
build_alias=''
build_cpu='i686'
build_os='linux-gnu'
build_vendor='pc'
datadir='${datarootdir}'
datarootdir='${prefix}/share'
docdir='${datarootdir}/doc/${PACKAGE_TARNAME}'
dvidir='${docdir}'
exec_prefix='${prefix}'
host='i686-pc-linux-gnu'
host_alias=''
host_cpu='i686'
host_os='linux-gnu'
host_vendor='pc'
htmldir='${docdir}'
includedir='${prefix}/include'
infodir='${datarootdir}/info'
install_sh='${SHELL} /home/akihiro/Documents/Bioinformatics/src/lcs_gui/install-sh'
libdir='${exec_prefix}/lib'
libexecdir='${exec_prefix}/libexec'
localedir='${datarootdir}/locale'
localstatedir='${prefix}/var'
mandir='${datarootdir}/man'
mkdir_p='/bin/mkdir -p'
oldincludedir='/usr/include'
pdfdir='${docdir}'
prefix='/usr/local'
program_transform_name='s,x,x,'
psdir='${docdir}'
sbindir='${exec_prefix}/sbin'
sharedstatedir='${prefix}/com'
sysconfdir='${prefix}/etc'
target_alias=''

## ----------- ##
## confdefs.h. ##
## ----------- ##

/* confdefs.h */
#define PACKAGE_NAME "lcs"
#define PACKAGE_TARNAME "lcs"
#define PACKAGE_VERSION "0.1"
#define PACKAGE_STRING "lcs 0.1"
#define PACKAGE_BUGREPORT "http://sites.google.com/site/kashiwagiakihiro/"
#define PACKAGE_URL ""
#define PACKAGE "lcs"
#define VERSION "0.1"
#define STDC_HEADERS 1
#define GETTEXT_PACKAGE "lcs"
#define HAVE_SYS_TYPES_H 1
#define HAVE_SYS_STAT_H 1
#define HAVE_STDLIB_H 1
#define HAVE_STRING_H 1
#define HAVE_MEMORY_H 1
#define HAVE_STRINGS_H 1
#define HAVE_INTTYPES_H 1
#define HAVE_STDINT_H 1
#define HAVE_UNISTD_H 1
#define HAVE_LOCALE_H 1
#define HAVE_LC_MESSAGES 1
#define HAVE_BIND_TEXTDOMAIN_CODESET 1
#define HAVE_GETTEXT 1
#define HAVE_DCGETTEXT 1
#define ENABLE_NLS 1
#define HAVE_DLFCN_H 1
#define LT_OBJDIR ".libs/"

configure: exit 0
